#
# A fatal error has been detected by the Java Runtime Environment:
#
#  EXCEPTION_ACCESS_VIOLATION (0xc0000005) at pc=0x00007ff92ef28869, pid=21072, tid=20884
#
# JRE version: OpenJDK Runtime Environment Corretto-11.0.16.9.1 (11.0.16.1+9) (build 11.0.16.1+9-LTS)
# Java VM: OpenJDK 64-Bit Server VM Corretto-11.0.16.9.1 (11.0.16.1+9-LTS, mixed mode, tiered, compressed oops, g1 gc, windows-amd64)
# Problematic frame:
# V  [jvm.dll+0x248869]
#
# No core dump will be written. Minidumps are not enabled by default on client versions of Windows
#
# If you would like to submit a bug report, please visit:
#   https://github.com/corretto/corretto-11/issues/
#

---------------  S U M M A R Y ------------

Command Line: -agentlib:jdwp=transport=dt_socket,address=127.0.0.1:5512,suspend=y,server=n -XX:TieredStopAtLevel=1 -Xverify:none -Dspring.output.ansi.enabled=always -Dcom.sun.management.jmxremote -Dspring.jmx.enabled=true -Dspring.liveBeansView.mbeanDomain -Dspring.application.admin.enabled=true -javaagent:C:\Users\UserK\AppData\Local\JetBrains\IntelliJIdea2022.2\captureAgent\debugger-agent.jar -Dfile.encoding=UTF-8 com.bitc.springteamproject1209.SpringTeamProject1209Application

Host: AMD Ryzen 5 3600 6-Core Processor              , 12 cores, 31G,  Windows 11 , 64 bit Build 22000 (10.0.22000.1219)
Time: Thu Dec 15 21:52:21 2022  Windows 11 , 64 bit Build 22000 (10.0.22000.1219) elapsed time: 433.582904 seconds (0d 0h 7m 13s)

---------------  T H R E A D  ---------------

Current thread (0x00000209ff93f800):  VMThread "VM Thread" [stack: 0x0000004c7ce00000,0x0000004c7cf00000] [id=20884]

Stack: [0x0000004c7ce00000,0x0000004c7cf00000],  sp=0x0000004c7cefedd8,  free space=1019k
Native frames: (J=compiled Java code, j=interpreted, Vv=VM code, C=native code)
V  [jvm.dll+0x248869]


siginfo: EXCEPTION_ACCESS_VIOLATION (0xc0000005), reading address 0x00000209a66d6760


Register to memory mapping:

RIP=0x00007ff92ef28869 jvm.dll
RAX=0x0000000000194320 is an unknown value
RBX=0x00000209a65417d0 is pointing into metadata
RCX=0x00000209a6542440 is pointing into metadata
RDX=0x000000000000ca18 is an unknown value
RSP=0x0000004c7cefedd8 points into unknown readable memory: 0x00007ff92ef288ee | ee 88 f2 2e f9 7f 00 00
RBP=0x0000004c7ceff390 points into unknown readable memory: 0x00000209ff7f5818 | 18 58 7f ff 09 02 00 00
RSI=0x0000004c7ceff500 points into unknown readable memory: 0x00007ff92f5dde58 | 58 de 5d 2f f9 7f 00 00
RDI=0x0000004c7ceff500 points into unknown readable memory: 0x00007ff92f5dde58 | 58 de 5d 2f f9 7f 00 00
R8 =0x0 is NULL
R9 =0x00000209a65417d0 is pointing into metadata
R10=0x0 is NULL
R11=0x0000000047000000 is an unknown value
R12=0x00000209ff7f5648 points into unknown readable memory: 0x0000010280775a00 | 00 5a 77 80 02 01 00 00
R13=0x0000000000000118 is an unknown value
R14=0x00000209a403ee5b is pointing into metadata
R15=0x00000000000001e9 is an unknown value


Registers:
RAX=0x0000000000194320, RBX=0x00000209a65417d0, RCX=0x00000209a6542440, RDX=0x000000000000ca18
RSP=0x0000004c7cefedd8, RBP=0x0000004c7ceff390, RSI=0x0000004c7ceff500, RDI=0x0000004c7ceff500
R8 =0x0000000000000000, R9 =0x00000209a65417d0, R10=0x0000000000000000, R11=0x0000000047000000
R12=0x00000209ff7f5648, R13=0x0000000000000118, R14=0x00000209a403ee5b, R15=0x00000000000001e9
RIP=0x00007ff92ef28869, EFLAGS=0x0000000000010212

Top of Stack: (sp=0x0000004c7cefedd8)
0x0000004c7cefedd8:   00007ff92ef288ee 0000000000000400
0x0000004c7cefede8:   00007ff92f3d270b 00000209f0b70000
0x0000004c7cefedf8:   0000004c7ceff0e9 0000000000000000
0x0000004c7cefee08:   00007ff92f00dd00 0000000000000000
0x0000004c7cefee18:   0000004c7ceff500 0000004c7cefee90
0x0000004c7cefee28:   00007ff92ef288ee 00000209ff930600
0x0000004c7cefee38:   00000209a24b7fd0 00007ff92f59e770
0x0000004c7cefee48:   00000209ff83ce78 0000000000000002
0x0000004c7cefee58:   00007ff90000000c 0000004c7cefee80
0x0000004c7cefee68:   0000004c00000001 00000000460001d8
0x0000004c7cefee78:   00007ff9aeab541a 4fffffff4fffffff
0x0000004c7cefee88:   00007ff94fffffff 00007ff92f59e770
0x0000004c7cefee98:   00000209ff83ca28 0000000000000014
0x0000004c7cefeea8:   000000000000000e 0000000000000000
0x0000004c7cefeeb8:   00007ff9aeab39aa 0000004c7cefefd0
0x0000004c7cefeec8:   0000000000000000 0000000000000000 

Instructions: (pc=0x00007ff92ef28869)
0x00007ff92ef28769:   03 03 03 03 03 03 03 03 03 03 03 03 03 03 03 03
0x00007ff92ef28779:   03 03 03 03 03 03 03 03 03 03 03 03 03 03 03 03
0x00007ff92ef28789:   03 03 03 03 03 03 03 03 03 03 03 03 03 03 03 03
0x00007ff92ef28799:   03 03 03 03 03 03 03 03 03 03 03 03 03 03 03 03
0x00007ff92ef287a9:   03 03 02 03 03 02 cc 48 89 5c 24 08 48 89 74 24
0x00007ff92ef287b9:   10 57 48 83 ec 20 48 63 da 41 0f b6 f0 48 8b f9
0x00007ff92ef287c9:   85 d2 79 24 4c 8d 0d 2c 20 66 00 ba 92 02 00 00
0x00007ff92ef287d9:   4c 8d 05 58 20 66 00 48 8d 0d d1 1f 66 00 e8 a4
0x00007ff92ef287e9:   71 00 00 e8 6f eb 3c 00 40 84 f6 75 18 48 8b 4f
0x00007ff92ef287f9:   10 48 85 c9 74 0f 48 8d 43 01 48 c1 e0 05 48 8b
0x00007ff92ef28809:   04 08 0f b7 d8 48 8b 74 24 38 48 63 c3 48 8b 5c
0x00007ff92ef28819:   24 30 0f b7 44 c7 40 48 83 c4 20 5f c3 cc cc cc
0x00007ff92ef28829:   cc cc cc cc cc cc cc 4c 8b c9 45 84 c0 75 42 48
0x00007ff92ef28839:   8b 49 10 48 85 c9 74 39 85 d2 79 1a f7 d2 48 63
0x00007ff92ef28849:   c2 48 ff c0 48 c1 e0 05 48 8b 04 08 0f b7 c8 41
0x00007ff92ef28859:   0f b7 44 c9 42 c3 48 63 c2 48 ff c0 48 c1 e0 05
0x00007ff92ef28869:   48 8b 04 08 0f b7 d0 48 63 c2 41 0f b7 44 c1 42
0x00007ff92ef28879:   c3 49 8b 41 08 48 63 ca 0f b6 44 01 04 3c 12 74
0x00007ff92ef28889:   ce 49 8b 41 08 0f b6 44 01 04 3c 11 74 c1 49 8b
0x00007ff92ef28899:   41 08 0f b6 44 01 04 3c 6a 74 b4 48 63 c2 41 0f
0x00007ff92ef288a9:   b7 44 c1 42 c3 cc cc 40 53 48 83 ec 20 48 8b d9
0x00007ff92ef288b9:   e8 72 ff ff ff 48 63 d0 0f b7 44 d3 40 48 8b 44
0x00007ff92ef288c9:   c3 40 48 83 c4 20 5b c3 cc cc cc cc cc cc cc cc
0x00007ff92ef288d9:   cc cc cc cc cc cc cc 40 53 48 83 ec 20 48 8b d9
0x00007ff92ef288e9:   e8 42 ff ff ff 48 63 d0 0f b7 44 d3 42 48 8b 44
0x00007ff92ef288f9:   c3 40 48 83 c4 20 5b c3 cc cc cc cc cc cc cc cc
0x00007ff92ef28909:   cc cc cc cc cc cc cc 4c 8b d1 45 84 c9 75 23 4c
0x00007ff92ef28919:   8b 49 10 4d 85 c9 74 1a 45 85 c0 79 03 41 f7 d0
0x00007ff92ef28929:   49 63 c0 48 ff c0 48 c1 e0 05 4a 8b 04 08 44 0f
0x00007ff92ef28939:   b7 c0 49 8b 42 08 49 63 c8 0f b6 4c 08 04 48 8b
0x00007ff92ef28949:   c2 88 0a c3 cc cc cc 40 56 57 41 54 41 56 41 57
0x00007ff92ef28959:   48 83 ec 20 45 8b 30 49 8b f0 49 63 f9 4c 8b e2 


Stack slot to memory mapping:
stack at sp + 0 slots: 0x00007ff92ef288ee jvm.dll
stack at sp + 1 slots: 0x0000000000000400 is an unknown value
stack at sp + 2 slots: 0x00007ff92f3d270b jvm.dll
stack at sp + 3 slots: 0x00000209f0b70000 points into unknown readable memory: 0x0000000000000000 | 00 00 00 00 00 00 00 00
stack at sp + 4 slots: 0x0000004c7ceff0e9 points into unknown readable memory: 00 00 00 00 00 00 00
stack at sp + 5 slots: 0x0 is NULL
stack at sp + 6 slots: 0x00007ff92f00dd00 jvm.dll
stack at sp + 7 slots: 0x0 is NULL

VM_Operation (0x0000004c7d7ff590): GetOrSetLocal, mode: safepoint, requested by thread 0x00000209ffba7800


---------------  P R O C E S S  ---------------

Threads class SMR info:
_java_thread_list=0x00000209a3399a00, length=37, elements={
0x00000209ff961000, 0x00000209ff96b000, 0x00000209ff9d6800, 0x00000209ff9db800,
0x00000209ff9dc800, 0x00000209ff9dd800, 0x00000209ff9df000, 0x00000209ff7f6000,
0x00000209ffba7800, 0x00000209ffbc6000, 0x00000209ffbd1800, 0x00000209a1ca3000,
0x00000209a2adf800, 0x00000209a2b69800, 0x00000209a328a000, 0x00000209a336e800,
0x00000209a336f800, 0x00000209a33a7000, 0x00000209a4bf8000, 0x00000209a4bf7800,
0x00000209a4bfb800, 0x00000209a4bfe000, 0x00000209a4bfc000, 0x00000209a4bf9000,
0x00000209a4bf9800, 0x00000209a4bfd000, 0x00000209a1f1b000, 0x00000209a1f18000,
0x00000209a1f1c000, 0x00000209a1f18800, 0x00000209a1f1a800, 0x00000209a1f19800,
0x00000209a1f1d800, 0x00000209a1f22800, 0x00000209a1f21000, 0x00000209a1f20000,
0x00000209a1f21800
}

Java Threads: ( => current thread )
  0x00000209ff961000 JavaThread "Reference Handler" daemon [_thread_blocked, id=14044, stack(0x0000004c7cf00000,0x0000004c7d000000)]
  0x00000209ff96b000 JavaThread "Finalizer" daemon [_thread_blocked, id=15760, stack(0x0000004c7d000000,0x0000004c7d100000)]
  0x00000209ff9d6800 JavaThread "Signal Dispatcher" daemon [_thread_blocked, id=15368, stack(0x0000004c7d100000,0x0000004c7d200000)]
  0x00000209ff9db800 JavaThread "Attach Listener" daemon [_thread_blocked, id=1760, stack(0x0000004c7d200000,0x0000004c7d300000)]
  0x00000209ff9dc800 JavaThread "Service Thread" daemon [_thread_blocked, id=18508, stack(0x0000004c7d300000,0x0000004c7d400000)]
  0x00000209ff9dd800 JavaThread "C1 CompilerThread0" daemon [_thread_blocked, id=19092, stack(0x0000004c7d400000,0x0000004c7d500000)]
  0x00000209ff9df000 JavaThread "Sweeper thread" daemon [_thread_blocked, id=21444, stack(0x0000004c7d500000,0x0000004c7d600000)]
  0x00000209ff7f6000 JavaThread "Common-Cleaner" daemon [_thread_blocked, id=15324, stack(0x0000004c7d600000,0x0000004c7d700000)]
  0x00000209ffba7800 JavaThread "JDWP Transport Listener: dt_socket" daemon [_thread_blocked, id=17880, stack(0x0000004c7d700000,0x0000004c7d800000)] _threads_hazard_ptr=0x00000209a3399a00
  0x00000209ffbc6000 JavaThread "JDWP Event Helper Thread" daemon [_thread_blocked, id=8524, stack(0x0000004c7d800000,0x0000004c7d900000)]
  0x00000209ffbd1800 JavaThread "JDWP Command Reader" daemon [_thread_in_native, id=17968, stack(0x0000004c7d900000,0x0000004c7da00000)]
  0x00000209a1ca3000 JavaThread "RMI TCP Accept-0" daemon [_thread_blocked, id=18796, stack(0x0000004c7da00000,0x0000004c7db00000)]
  0x00000209a2adf800 JavaThread "RMI TCP Connection(idle)" daemon [_thread_blocked, id=18208, stack(0x0000004c7e700000,0x0000004c7e800000)]
  0x00000209a2b69800 JavaThread "RMI Scheduler(0)" daemon [_thread_blocked, id=8652, stack(0x0000004c7ea00000,0x0000004c7eb00000)]
  0x00000209a328a000 JavaThread "Catalina-utility-1" [_thread_blocked, id=17928, stack(0x0000004c7eb00000,0x0000004c7ec00000)]
  0x00000209a336e800 JavaThread "Catalina-utility-2" [_thread_blocked, id=17984, stack(0x0000004c7ec00000,0x0000004c7ed00000)]
  0x00000209a336f800 JavaThread "container-0" [_thread_blocked, id=17956, stack(0x0000004c7ed00000,0x0000004c7ee00000)]
  0x00000209a33a7000 JavaThread "mysql-cj-abandoned-connection-cleanup" daemon [_thread_blocked, id=20504, stack(0x0000004c7ee00000,0x0000004c7ef00000)]
  0x00000209a4bf8000 JavaThread "HikariPool-1 housekeeper" daemon [_thread_blocked, id=12316, stack(0x0000004c7f000000,0x0000004c7f100000)]
  0x00000209a4bf7800 JavaThread "File Watcher" daemon [_thread_in_Java, id=10668, stack(0x0000004c7f200000,0x0000004c7f300000)]
  0x00000209a4bfb800 JavaThread "Live Reload Server" daemon [_thread_in_native, id=19168, stack(0x0000004c7f400000,0x0000004c7f500000)]
  0x00000209a4bfe000 JavaThread "http-nio-8080-exec-1" daemon [_thread_in_Java, id=19692, stack(0x0000004c7f300000,0x0000004c7f400000)]
  0x00000209a4bfc000 JavaThread "http-nio-8080-exec-2" daemon [_thread_blocked, id=13672, stack(0x0000004c7f500000,0x0000004c7f600000)]
  0x00000209a4bf9000 JavaThread "http-nio-8080-exec-3" daemon [_thread_blocked, id=14012, stack(0x0000004c7f600000,0x0000004c7f700000)]
  0x00000209a4bf9800 JavaThread "http-nio-8080-exec-4" daemon [_thread_blocked, id=11804, stack(0x0000004c7f700000,0x0000004c7f800000)]
  0x00000209a4bfd000 JavaThread "http-nio-8080-exec-5" daemon [_thread_blocked, id=21280, stack(0x0000004c7f800000,0x0000004c7f900000)]
  0x00000209a1f1b000 JavaThread "http-nio-8080-exec-6" daemon [_thread_blocked, id=19972, stack(0x0000004c7f900000,0x0000004c7fa00000)]
  0x00000209a1f18000 JavaThread "http-nio-8080-exec-7" daemon [_thread_blocked, id=20780, stack(0x0000004c7fa00000,0x0000004c7fb00000)]
  0x00000209a1f1c000 JavaThread "http-nio-8080-exec-8" daemon [_thread_blocked, id=20708, stack(0x0000004c7fb00000,0x0000004c7fc00000)]
  0x00000209a1f18800 JavaThread "http-nio-8080-exec-9" daemon [_thread_blocked, id=21220, stack(0x0000004c7fc00000,0x0000004c7fd00000)]
  0x00000209a1f1a800 JavaThread "http-nio-8080-exec-10" daemon [_thread_blocked, id=14604, stack(0x0000004c7fd00000,0x0000004c7fe00000)]
  0x00000209a1f19800 JavaThread "http-nio-8080-Poller" daemon [_thread_blocked, id=20196, stack(0x0000004c7fe00000,0x0000004c7ff00000)]
  0x00000209a1f1d800 JavaThread "http-nio-8080-Acceptor" daemon [_thread_in_native, id=8588, stack(0x0000004c7ff00000,0x0000004c80000000)]
  0x00000209a1f22800 JavaThread "DestroyJavaVM" [_thread_blocked, id=6376, stack(0x0000004c7c800000,0x0000004c7c900000)]
  0x00000209a1f21000 JavaThread "RMI TCP Connection(idle)" daemon [_thread_blocked, id=18012, stack(0x0000004c00000000,0x0000004c00100000)]
  0x00000209a1f20000 JavaThread "RMI TCP Connection(idle)" daemon [_thread_blocked, id=20228, stack(0x0000004c00100000,0x0000004c00200000)]
  0x00000209a1f21800 JavaThread "Keep-Alive-Timer" daemon [_thread_blocked, id=13844, stack(0x0000004c00200000,0x0000004c00300000)]

Other Threads:
=>0x00000209ff93f800 VMThread "VM Thread" [stack: 0x0000004c7ce00000,0x0000004c7cf00000] [id=20884]
  0x00000209a1ca8800 WatcherThread [stack: 0x0000004c7db00000,0x0000004c7dc00000] [id=21000]
  0x00000209f2ddc800 GCTaskThread "GC Thread#0" [stack: 0x0000004c7c900000,0x0000004c7ca00000] [id=15912]
  0x00000209a2539800 GCTaskThread "GC Thread#1" [stack: 0x0000004c7dc00000,0x0000004c7dd00000] [id=17592]
  0x00000209a253a000 GCTaskThread "GC Thread#2" [stack: 0x0000004c7dd00000,0x0000004c7de00000] [id=19616]
  0x00000209a253b000 GCTaskThread "GC Thread#3" [stack: 0x0000004c7de00000,0x0000004c7df00000] [id=17852]
  0x00000209a253b800 GCTaskThread "GC Thread#4" [stack: 0x0000004c7df00000,0x0000004c7e000000] [id=18116]
  0x00000209a253c800 GCTaskThread "GC Thread#5" [stack: 0x0000004c7e000000,0x0000004c7e100000] [id=1252]
  0x00000209a2553000 GCTaskThread "GC Thread#6" [stack: 0x0000004c7e100000,0x0000004c7e200000] [id=20856]
  0x00000209a2554000 GCTaskThread "GC Thread#7" [stack: 0x0000004c7e200000,0x0000004c7e300000] [id=21432]
  0x00000209a2556800 GCTaskThread "GC Thread#8" [stack: 0x0000004c7e300000,0x0000004c7e400000] [id=18300]
  0x00000209a2557800 GCTaskThread "GC Thread#9" [stack: 0x0000004c7e400000,0x0000004c7e500000] [id=7224]
  0x00000209f2e5c000 ConcurrentGCThread "G1 Main Marker" [stack: 0x0000004c7ca00000,0x0000004c7cb00000] [id=4032]
  0x00000209f2e5e000 ConcurrentGCThread "G1 Conc#0" [stack: 0x0000004c7cb00000,0x0000004c7cc00000] [id=11384]
  0x00000209a256a800 ConcurrentGCThread "G1 Conc#1" [stack: 0x0000004c7e800000,0x0000004c7e900000] [id=19232]
  0x00000209a2896000 ConcurrentGCThread "G1 Conc#2" [stack: 0x0000004c7e900000,0x0000004c7ea00000] [id=19632]
  0x00000209ff7a1000 ConcurrentGCThread "G1 Refine#0" [stack: 0x0000004c7cc00000,0x0000004c7cd00000] [id=20140]
  0x00000209ff7a2000 ConcurrentGCThread "G1 Young RemSet Sampling" [stack: 0x0000004c7cd00000,0x0000004c7ce00000] [id=16252]

Threads with active compile tasks:

VM state:at safepoint (normal execution)

VM Mutex/Monitor currently owned by a thread:  ([mutex/lock_event])
[0x00000209f2dbdc80] Threads_lock - owner thread: 0x00000209ff93f800

Heap address: 0x0000000601200000, size: 8174 MB, Compressed Oops mode: Zero based, Oop shift amount: 3
Narrow klass base: 0x0000000800000000, Narrow klass shift: 0
Compressed class space size: 1073741824 Address: 0x0000000800000000

Heap:
 garbage-first heap   total 630784K, used 47779K [0x0000000601200000, 0x0000000800000000)
  region size 2048K, 22 young (45056K), 8 survivors (16384K)
 Metaspace       used 50911K, capacity 52633K, committed 52732K, reserved 1095680K
  class space    used 6143K, capacity 6827K, committed 6912K, reserved 1048576K
Heap Regions: E=young(eden), S=young(survivor), O=old, HS=humongous(starts), HC=humongous(continues), CS=collection set, F=free, A=archive, TAMS=top-at-mark-start (previous, next)
|   0|0x0000000601200000, 0x0000000601400000, 0x0000000601400000|100%| O|  |TAMS 0x0000000601400000, 0x0000000601200000| Untracked 
|   1|0x0000000601400000, 0x0000000601600000, 0x0000000601600000|100%| O|  |TAMS 0x0000000601600000, 0x0000000601400000| Untracked 
|   2|0x0000000601600000, 0x0000000601762800, 0x0000000601800000| 69%| O|  |TAMS 0x0000000601762800, 0x0000000601600000| Untracked 
|   3|0x0000000601800000, 0x0000000601800000, 0x0000000601a00000|  0%| F|  |TAMS 0x0000000601800000, 0x0000000601800000| Untracked 
|   4|0x0000000601a00000, 0x0000000601a00000, 0x0000000601c00000|  0%| F|  |TAMS 0x0000000601a00000, 0x0000000601a00000| Untracked 
|   5|0x0000000601c00000, 0x0000000601c00000, 0x0000000601e00000|  0%| F|  |TAMS 0x0000000601c00000, 0x0000000601c00000| Untracked 
|   6|0x0000000601e00000, 0x0000000601e00000, 0x0000000602000000|  0%| F|  |TAMS 0x0000000601e00000, 0x0000000601e00000| Untracked 
|   7|0x0000000602000000, 0x0000000602000000, 0x0000000602200000|  0%| F|  |TAMS 0x0000000602000000, 0x0000000602000000| Untracked 
|   8|0x0000000602200000, 0x0000000602200000, 0x0000000602400000|  0%| F|  |TAMS 0x0000000602200000, 0x0000000602200000| Untracked 
|   9|0x0000000602400000, 0x0000000602400000, 0x0000000602600000|  0%| F|  |TAMS 0x0000000602400000, 0x0000000602400000| Untracked 
|  10|0x0000000602600000, 0x0000000602600000, 0x0000000602800000|  0%| F|  |TAMS 0x0000000602600000, 0x0000000602600000| Untracked 
|  11|0x0000000602800000, 0x0000000602800000, 0x0000000602a00000|  0%| F|  |TAMS 0x0000000602800000, 0x0000000602800000| Untracked 
|  12|0x0000000602a00000, 0x0000000602a00000, 0x0000000602c00000|  0%| F|  |TAMS 0x0000000602a00000, 0x0000000602a00000| Untracked 
|  13|0x0000000602c00000, 0x0000000602c00000, 0x0000000602e00000|  0%| F|  |TAMS 0x0000000602c00000, 0x0000000602c00000| Untracked 
|  14|0x0000000602e00000, 0x0000000602e00000, 0x0000000603000000|  0%| F|  |TAMS 0x0000000602e00000, 0x0000000602e00000| Untracked 
|  15|0x0000000603000000, 0x0000000603000000, 0x0000000603200000|  0%| F|  |TAMS 0x0000000603000000, 0x0000000603000000| Untracked 
|  16|0x0000000603200000, 0x0000000603200000, 0x0000000603400000|  0%| F|  |TAMS 0x0000000603200000, 0x0000000603200000| Untracked 
|  17|0x0000000603400000, 0x0000000603400000, 0x0000000603600000|  0%| F|  |TAMS 0x0000000603400000, 0x0000000603400000| Untracked 
|  18|0x0000000603600000, 0x0000000603600000, 0x0000000603800000|  0%| F|  |TAMS 0x0000000603600000, 0x0000000603600000| Untracked 
|  19|0x0000000603800000, 0x0000000603800000, 0x0000000603a00000|  0%| F|  |TAMS 0x0000000603800000, 0x0000000603800000| Untracked 
|  20|0x0000000603a00000, 0x0000000603a00000, 0x0000000603c00000|  0%| F|  |TAMS 0x0000000603a00000, 0x0000000603a00000| Untracked 
|  21|0x0000000603c00000, 0x0000000603c00000, 0x0000000603e00000|  0%| F|  |TAMS 0x0000000603c00000, 0x0000000603c00000| Untracked 
|  22|0x0000000603e00000, 0x0000000603e00000, 0x0000000604000000|  0%| F|  |TAMS 0x0000000603e00000, 0x0000000603e00000| Untracked 
|  23|0x0000000604000000, 0x0000000604000000, 0x0000000604200000|  0%| F|  |TAMS 0x0000000604000000, 0x0000000604000000| Untracked 
|  24|0x0000000604200000, 0x0000000604200000, 0x0000000604400000|  0%| F|  |TAMS 0x0000000604200000, 0x0000000604200000| Untracked 
|  25|0x0000000604400000, 0x0000000604400000, 0x0000000604600000|  0%| F|  |TAMS 0x0000000604400000, 0x0000000604400000| Untracked 
|  26|0x0000000604600000, 0x0000000604600000, 0x0000000604800000|  0%| F|  |TAMS 0x0000000604600000, 0x0000000604600000| Untracked 
|  27|0x0000000604800000, 0x0000000604800000, 0x0000000604a00000|  0%| F|  |TAMS 0x0000000604800000, 0x0000000604800000| Untracked 
|  28|0x0000000604a00000, 0x0000000604a00000, 0x0000000604c00000|  0%| F|  |TAMS 0x0000000604a00000, 0x0000000604a00000| Untracked 
|  29|0x0000000604c00000, 0x0000000604c00000, 0x0000000604e00000|  0%| F|  |TAMS 0x0000000604c00000, 0x0000000604c00000| Untracked 
|  30|0x0000000604e00000, 0x0000000604e00000, 0x0000000605000000|  0%| F|  |TAMS 0x0000000604e00000, 0x0000000604e00000| Untracked 
|  31|0x0000000605000000, 0x0000000605000000, 0x0000000605200000|  0%| F|  |TAMS 0x0000000605000000, 0x0000000605000000| Untracked 
|  32|0x0000000605200000, 0x0000000605200000, 0x0000000605400000|  0%| F|  |TAMS 0x0000000605200000, 0x0000000605200000| Untracked 
|  33|0x0000000605400000, 0x0000000605400000, 0x0000000605600000|  0%| F|  |TAMS 0x0000000605400000, 0x0000000605400000| Untracked 
|  34|0x0000000605600000, 0x0000000605600000, 0x0000000605800000|  0%| F|  |TAMS 0x0000000605600000, 0x0000000605600000| Untracked 
|  35|0x0000000605800000, 0x0000000605800000, 0x0000000605a00000|  0%| F|  |TAMS 0x0000000605800000, 0x0000000605800000| Untracked 
|  36|0x0000000605a00000, 0x0000000605a00000, 0x0000000605c00000|  0%| F|  |TAMS 0x0000000605a00000, 0x0000000605a00000| Untracked 
|  37|0x0000000605c00000, 0x0000000605c00000, 0x0000000605e00000|  0%| F|  |TAMS 0x0000000605c00000, 0x0000000605c00000| Untracked 
|  38|0x0000000605e00000, 0x0000000605e00000, 0x0000000606000000|  0%| F|  |TAMS 0x0000000605e00000, 0x0000000605e00000| Untracked 
|  39|0x0000000606000000, 0x0000000606000000, 0x0000000606200000|  0%| F|  |TAMS 0x0000000606000000, 0x0000000606000000| Untracked 
|  40|0x0000000606200000, 0x0000000606200000, 0x0000000606400000|  0%| F|  |TAMS 0x0000000606200000, 0x0000000606200000| Untracked 
|  41|0x0000000606400000, 0x0000000606400000, 0x0000000606600000|  0%| F|  |TAMS 0x0000000606400000, 0x0000000606400000| Untracked 
|  42|0x0000000606600000, 0x0000000606600000, 0x0000000606800000|  0%| F|  |TAMS 0x0000000606600000, 0x0000000606600000| Untracked 
|  43|0x0000000606800000, 0x0000000606800000, 0x0000000606a00000|  0%| F|  |TAMS 0x0000000606800000, 0x0000000606800000| Untracked 
|  44|0x0000000606a00000, 0x0000000606a00000, 0x0000000606c00000|  0%| F|  |TAMS 0x0000000606a00000, 0x0000000606a00000| Untracked 
|  45|0x0000000606c00000, 0x0000000606c00000, 0x0000000606e00000|  0%| F|  |TAMS 0x0000000606c00000, 0x0000000606c00000| Untracked 
|  46|0x0000000606e00000, 0x0000000606e00000, 0x0000000607000000|  0%| F|  |TAMS 0x0000000606e00000, 0x0000000606e00000| Untracked 
|  47|0x0000000607000000, 0x0000000607000000, 0x0000000607200000|  0%| F|  |TAMS 0x0000000607000000, 0x0000000607000000| Untracked 
|  48|0x0000000607200000, 0x0000000607200000, 0x0000000607400000|  0%| F|  |TAMS 0x0000000607200000, 0x0000000607200000| Untracked 
|  49|0x0000000607400000, 0x0000000607400000, 0x0000000607600000|  0%| F|  |TAMS 0x0000000607400000, 0x0000000607400000| Untracked 
|  50|0x0000000607600000, 0x0000000607600000, 0x0000000607800000|  0%| F|  |TAMS 0x0000000607600000, 0x0000000607600000| Untracked 
|  51|0x0000000607800000, 0x0000000607800000, 0x0000000607a00000|  0%| F|  |TAMS 0x0000000607800000, 0x0000000607800000| Untracked 
|  52|0x0000000607a00000, 0x0000000607a00000, 0x0000000607c00000|  0%| F|  |TAMS 0x0000000607a00000, 0x0000000607a00000| Untracked 
|  53|0x0000000607c00000, 0x0000000607c00000, 0x0000000607e00000|  0%| F|  |TAMS 0x0000000607c00000, 0x0000000607c00000| Untracked 
|  54|0x0000000607e00000, 0x0000000607e00000, 0x0000000608000000|  0%| F|  |TAMS 0x0000000607e00000, 0x0000000607e00000| Untracked 
|  55|0x0000000608000000, 0x0000000608000000, 0x0000000608200000|  0%| F|  |TAMS 0x0000000608000000, 0x0000000608000000| Untracked 
|  56|0x0000000608200000, 0x0000000608200000, 0x0000000608400000|  0%| F|  |TAMS 0x0000000608200000, 0x0000000608200000| Untracked 
|  57|0x0000000608400000, 0x0000000608400000, 0x0000000608600000|  0%| F|  |TAMS 0x0000000608400000, 0x0000000608400000| Untracked 
|  58|0x0000000608600000, 0x0000000608600000, 0x0000000608800000|  0%| F|  |TAMS 0x0000000608600000, 0x0000000608600000| Untracked 
|  59|0x0000000608800000, 0x0000000608800000, 0x0000000608a00000|  0%| F|  |TAMS 0x0000000608800000, 0x0000000608800000| Untracked 
|  60|0x0000000608a00000, 0x0000000608a00000, 0x0000000608c00000|  0%| F|  |TAMS 0x0000000608a00000, 0x0000000608a00000| Untracked 
|  61|0x0000000608c00000, 0x0000000608c00000, 0x0000000608e00000|  0%| F|  |TAMS 0x0000000608c00000, 0x0000000608c00000| Untracked 
|  62|0x0000000608e00000, 0x0000000608e00000, 0x0000000609000000|  0%| F|  |TAMS 0x0000000608e00000, 0x0000000608e00000| Untracked 
|  63|0x0000000609000000, 0x0000000609000000, 0x0000000609200000|  0%| F|  |TAMS 0x0000000609000000, 0x0000000609000000| Untracked 
|  64|0x0000000609200000, 0x0000000609200000, 0x0000000609400000|  0%| F|  |TAMS 0x0000000609200000, 0x0000000609200000| Untracked 
|  65|0x0000000609400000, 0x0000000609400000, 0x0000000609600000|  0%| F|  |TAMS 0x0000000609400000, 0x0000000609400000| Untracked 
|  66|0x0000000609600000, 0x0000000609600000, 0x0000000609800000|  0%| F|  |TAMS 0x0000000609600000, 0x0000000609600000| Untracked 
|  67|0x0000000609800000, 0x0000000609800000, 0x0000000609a00000|  0%| F|  |TAMS 0x0000000609800000, 0x0000000609800000| Untracked 
|  68|0x0000000609a00000, 0x0000000609a00000, 0x0000000609c00000|  0%| F|  |TAMS 0x0000000609a00000, 0x0000000609a00000| Untracked 
|  69|0x0000000609c00000, 0x0000000609c00000, 0x0000000609e00000|  0%| F|  |TAMS 0x0000000609c00000, 0x0000000609c00000| Untracked 
|  70|0x0000000609e00000, 0x0000000609e00000, 0x000000060a000000|  0%| F|  |TAMS 0x0000000609e00000, 0x0000000609e00000| Untracked 
|  71|0x000000060a000000, 0x000000060a000000, 0x000000060a200000|  0%| F|  |TAMS 0x000000060a000000, 0x000000060a000000| Untracked 
|  72|0x000000060a200000, 0x000000060a200000, 0x000000060a400000|  0%| F|  |TAMS 0x000000060a200000, 0x000000060a200000| Untracked 
|  73|0x000000060a400000, 0x000000060a400000, 0x000000060a600000|  0%| F|  |TAMS 0x000000060a400000, 0x000000060a400000| Untracked 
|  74|0x000000060a600000, 0x000000060a600000, 0x000000060a800000|  0%| F|  |TAMS 0x000000060a600000, 0x000000060a600000| Untracked 
|  75|0x000000060a800000, 0x000000060a800000, 0x000000060aa00000|  0%| F|  |TAMS 0x000000060a800000, 0x000000060a800000| Untracked 
|  76|0x000000060aa00000, 0x000000060aa00000, 0x000000060ac00000|  0%| F|  |TAMS 0x000000060aa00000, 0x000000060aa00000| Untracked 
|  77|0x000000060ac00000, 0x000000060ac00000, 0x000000060ae00000|  0%| F|  |TAMS 0x000000060ac00000, 0x000000060ac00000| Untracked 
|  78|0x000000060ae00000, 0x000000060ae00000, 0x000000060b000000|  0%| F|  |TAMS 0x000000060ae00000, 0x000000060ae00000| Untracked 
|  79|0x000000060b000000, 0x000000060b000000, 0x000000060b200000|  0%| F|  |TAMS 0x000000060b000000, 0x000000060b000000| Untracked 
|  80|0x000000060b200000, 0x000000060b200000, 0x000000060b400000|  0%| F|  |TAMS 0x000000060b200000, 0x000000060b200000| Untracked 
|  81|0x000000060b400000, 0x000000060b400000, 0x000000060b600000|  0%| F|  |TAMS 0x000000060b400000, 0x000000060b400000| Untracked 
|  82|0x000000060b600000, 0x000000060b600000, 0x000000060b800000|  0%| F|  |TAMS 0x000000060b600000, 0x000000060b600000| Untracked 
|  83|0x000000060b800000, 0x000000060b800000, 0x000000060ba00000|  0%| F|  |TAMS 0x000000060b800000, 0x000000060b800000| Untracked 
|  84|0x000000060ba00000, 0x000000060ba00000, 0x000000060bc00000|  0%| F|  |TAMS 0x000000060ba00000, 0x000000060ba00000| Untracked 
|  85|0x000000060bc00000, 0x000000060bc00000, 0x000000060be00000|  0%| F|  |TAMS 0x000000060bc00000, 0x000000060bc00000| Untracked 
|  86|0x000000060be00000, 0x000000060be00000, 0x000000060c000000|  0%| F|  |TAMS 0x000000060be00000, 0x000000060be00000| Untracked 
|  87|0x000000060c000000, 0x000000060c000000, 0x000000060c200000|  0%| F|  |TAMS 0x000000060c000000, 0x000000060c000000| Untracked 
|  88|0x000000060c200000, 0x000000060c200000, 0x000000060c400000|  0%| F|  |TAMS 0x000000060c200000, 0x000000060c200000| Untracked 
|  89|0x000000060c400000, 0x000000060c400000, 0x000000060c600000|  0%| F|  |TAMS 0x000000060c400000, 0x000000060c400000| Untracked 
|  90|0x000000060c600000, 0x000000060c600000, 0x000000060c800000|  0%| F|  |TAMS 0x000000060c600000, 0x000000060c600000| Untracked 
|  91|0x000000060c800000, 0x000000060c800000, 0x000000060ca00000|  0%| F|  |TAMS 0x000000060c800000, 0x000000060c800000| Untracked 
|  92|0x000000060ca00000, 0x000000060ca00000, 0x000000060cc00000|  0%| F|  |TAMS 0x000000060ca00000, 0x000000060ca00000| Untracked 
|  93|0x000000060cc00000, 0x000000060cc00000, 0x000000060ce00000|  0%| F|  |TAMS 0x000000060cc00000, 0x000000060cc00000| Untracked 
|  94|0x000000060ce00000, 0x000000060ce00000, 0x000000060d000000|  0%| F|  |TAMS 0x000000060ce00000, 0x000000060ce00000| Untracked 
|  95|0x000000060d000000, 0x000000060d000000, 0x000000060d200000|  0%| F|  |TAMS 0x000000060d000000, 0x000000060d000000| Untracked 
|  96|0x000000060d200000, 0x000000060d200000, 0x000000060d400000|  0%| F|  |TAMS 0x000000060d200000, 0x000000060d200000| Untracked 
|  97|0x000000060d400000, 0x000000060d400000, 0x000000060d600000|  0%| F|  |TAMS 0x000000060d400000, 0x000000060d400000| Untracked 
|  98|0x000000060d600000, 0x000000060d600000, 0x000000060d800000|  0%| F|  |TAMS 0x000000060d600000, 0x000000060d600000| Untracked 
|  99|0x000000060d800000, 0x000000060d800000, 0x000000060da00000|  0%| F|  |TAMS 0x000000060d800000, 0x000000060d800000| Untracked 
| 100|0x000000060da00000, 0x000000060da00000, 0x000000060dc00000|  0%| F|  |TAMS 0x000000060da00000, 0x000000060da00000| Untracked 
| 101|0x000000060dc00000, 0x000000060dc00000, 0x000000060de00000|  0%| F|  |TAMS 0x000000060dc00000, 0x000000060dc00000| Untracked 
| 102|0x000000060de00000, 0x000000060de00000, 0x000000060e000000|  0%| F|  |TAMS 0x000000060de00000, 0x000000060de00000| Untracked 
| 103|0x000000060e000000, 0x000000060e000000, 0x000000060e200000|  0%| F|  |TAMS 0x000000060e000000, 0x000000060e000000| Untracked 
| 104|0x000000060e200000, 0x000000060e200000, 0x000000060e400000|  0%| F|  |TAMS 0x000000060e200000, 0x000000060e200000| Untracked 
| 105|0x000000060e400000, 0x000000060e400000, 0x000000060e600000|  0%| F|  |TAMS 0x000000060e400000, 0x000000060e400000| Untracked 
| 106|0x000000060e600000, 0x000000060e600000, 0x000000060e800000|  0%| F|  |TAMS 0x000000060e600000, 0x000000060e600000| Untracked 
| 107|0x000000060e800000, 0x000000060e800000, 0x000000060ea00000|  0%| F|  |TAMS 0x000000060e800000, 0x000000060e800000| Untracked 
| 108|0x000000060ea00000, 0x000000060ea00000, 0x000000060ec00000|  0%| F|  |TAMS 0x000000060ea00000, 0x000000060ea00000| Untracked 
| 109|0x000000060ec00000, 0x000000060ec00000, 0x000000060ee00000|  0%| F|  |TAMS 0x000000060ec00000, 0x000000060ec00000| Untracked 
| 110|0x000000060ee00000, 0x000000060ee00000, 0x000000060f000000|  0%| F|  |TAMS 0x000000060ee00000, 0x000000060ee00000| Untracked 
| 111|0x000000060f000000, 0x000000060f000000, 0x000000060f200000|  0%| F|  |TAMS 0x000000060f000000, 0x000000060f000000| Untracked 
| 112|0x000000060f200000, 0x000000060f200000, 0x000000060f400000|  0%| F|  |TAMS 0x000000060f200000, 0x000000060f200000| Untracked 
| 113|0x000000060f400000, 0x000000060f400000, 0x000000060f600000|  0%| F|  |TAMS 0x000000060f400000, 0x000000060f400000| Untracked 
| 114|0x000000060f600000, 0x000000060f600000, 0x000000060f800000|  0%| F|  |TAMS 0x000000060f600000, 0x000000060f600000| Untracked 
| 115|0x000000060f800000, 0x000000060f800000, 0x000000060fa00000|  0%| F|  |TAMS 0x000000060f800000, 0x000000060f800000| Untracked 
| 116|0x000000060fa00000, 0x000000060fa00000, 0x000000060fc00000|  0%| F|  |TAMS 0x000000060fa00000, 0x000000060fa00000| Untracked 
| 117|0x000000060fc00000, 0x000000060fc00000, 0x000000060fe00000|  0%| F|  |TAMS 0x000000060fc00000, 0x000000060fc00000| Untracked 
| 118|0x000000060fe00000, 0x000000060fe00000, 0x0000000610000000|  0%| F|  |TAMS 0x000000060fe00000, 0x000000060fe00000| Untracked 
| 119|0x0000000610000000, 0x0000000610000000, 0x0000000610200000|  0%| F|  |TAMS 0x0000000610000000, 0x0000000610000000| Untracked 
| 120|0x0000000610200000, 0x0000000610200000, 0x0000000610400000|  0%| F|  |TAMS 0x0000000610200000, 0x0000000610200000| Untracked 
| 121|0x0000000610400000, 0x0000000610400000, 0x0000000610600000|  0%| F|  |TAMS 0x0000000610400000, 0x0000000610400000| Untracked 
| 122|0x0000000610600000, 0x0000000610600000, 0x0000000610800000|  0%| F|  |TAMS 0x0000000610600000, 0x0000000610600000| Untracked 
| 123|0x0000000610800000, 0x0000000610800000, 0x0000000610a00000|  0%| F|  |TAMS 0x0000000610800000, 0x0000000610800000| Untracked 
| 124|0x0000000610a00000, 0x0000000610a00000, 0x0000000610c00000|  0%| F|  |TAMS 0x0000000610a00000, 0x0000000610a00000| Untracked 
| 125|0x0000000610c00000, 0x0000000610c00000, 0x0000000610e00000|  0%| F|  |TAMS 0x0000000610c00000, 0x0000000610c00000| Untracked 
| 126|0x0000000610e00000, 0x0000000610e00000, 0x0000000611000000|  0%| F|  |TAMS 0x0000000610e00000, 0x0000000610e00000| Untracked 
| 127|0x0000000611000000, 0x0000000611000000, 0x0000000611200000|  0%| F|  |TAMS 0x0000000611000000, 0x0000000611000000| Untracked 
| 128|0x0000000611200000, 0x0000000611200000, 0x0000000611400000|  0%| F|  |TAMS 0x0000000611200000, 0x0000000611200000| Untracked 
| 129|0x0000000611400000, 0x0000000611400000, 0x0000000611600000|  0%| F|  |TAMS 0x0000000611400000, 0x0000000611400000| Untracked 
| 130|0x0000000611600000, 0x0000000611600000, 0x0000000611800000|  0%| F|  |TAMS 0x0000000611600000, 0x0000000611600000| Untracked 
| 131|0x0000000611800000, 0x0000000611800000, 0x0000000611a00000|  0%| F|  |TAMS 0x0000000611800000, 0x0000000611800000| Untracked 
| 132|0x0000000611a00000, 0x0000000611a00000, 0x0000000611c00000|  0%| F|  |TAMS 0x0000000611a00000, 0x0000000611a00000| Untracked 
| 133|0x0000000611c00000, 0x0000000611c00000, 0x0000000611e00000|  0%| F|  |TAMS 0x0000000611c00000, 0x0000000611c00000| Untracked 
| 134|0x0000000611e00000, 0x0000000611e00000, 0x0000000612000000|  0%| F|  |TAMS 0x0000000611e00000, 0x0000000611e00000| Untracked 
| 135|0x0000000612000000, 0x0000000612000000, 0x0000000612200000|  0%| F|  |TAMS 0x0000000612000000, 0x0000000612000000| Untracked 
| 136|0x0000000612200000, 0x0000000612200000, 0x0000000612400000|  0%| F|  |TAMS 0x0000000612200000, 0x0000000612200000| Untracked 
| 137|0x0000000612400000, 0x0000000612400000, 0x0000000612600000|  0%| F|  |TAMS 0x0000000612400000, 0x0000000612400000| Untracked 
| 138|0x0000000612600000, 0x0000000612600000, 0x0000000612800000|  0%| F|  |TAMS 0x0000000612600000, 0x0000000612600000| Untracked 
| 139|0x0000000612800000, 0x0000000612800000, 0x0000000612a00000|  0%| F|  |TAMS 0x0000000612800000, 0x0000000612800000| Untracked 
| 140|0x0000000612a00000, 0x0000000612a00000, 0x0000000612c00000|  0%| F|  |TAMS 0x0000000612a00000, 0x0000000612a00000| Untracked 
| 141|0x0000000612c00000, 0x0000000612c00000, 0x0000000612e00000|  0%| F|  |TAMS 0x0000000612c00000, 0x0000000612c00000| Untracked 
| 142|0x0000000612e00000, 0x0000000612e00000, 0x0000000613000000|  0%| F|  |TAMS 0x0000000612e00000, 0x0000000612e00000| Untracked 
| 143|0x0000000613000000, 0x0000000613000000, 0x0000000613200000|  0%| F|  |TAMS 0x0000000613000000, 0x0000000613000000| Untracked 
| 144|0x0000000613200000, 0x0000000613200000, 0x0000000613400000|  0%| F|  |TAMS 0x0000000613200000, 0x0000000613200000| Untracked 
| 145|0x0000000613400000, 0x0000000613400000, 0x0000000613600000|  0%| F|  |TAMS 0x0000000613400000, 0x0000000613400000| Untracked 
| 146|0x0000000613600000, 0x0000000613600000, 0x0000000613800000|  0%| F|  |TAMS 0x0000000613600000, 0x0000000613600000| Untracked 
| 147|0x0000000613800000, 0x0000000613800000, 0x0000000613a00000|  0%| F|  |TAMS 0x0000000613800000, 0x0000000613800000| Untracked 
| 148|0x0000000613a00000, 0x0000000613a00000, 0x0000000613c00000|  0%| F|  |TAMS 0x0000000613a00000, 0x0000000613a00000| Untracked 
| 149|0x0000000613c00000, 0x0000000613c00000, 0x0000000613e00000|  0%| F|  |TAMS 0x0000000613c00000, 0x0000000613c00000| Untracked 
| 150|0x0000000613e00000, 0x0000000613e00000, 0x0000000614000000|  0%| F|  |TAMS 0x0000000613e00000, 0x0000000613e00000| Untracked 
| 151|0x0000000614000000, 0x0000000614000000, 0x0000000614200000|  0%| F|  |TAMS 0x0000000614000000, 0x0000000614000000| Untracked 
| 152|0x0000000614200000, 0x0000000614200000, 0x0000000614400000|  0%| F|  |TAMS 0x0000000614200000, 0x0000000614200000| Untracked 
| 153|0x0000000614400000, 0x0000000614400000, 0x0000000614600000|  0%| F|  |TAMS 0x0000000614400000, 0x0000000614400000| Untracked 
| 154|0x0000000614600000, 0x0000000614600000, 0x0000000614800000|  0%| F|  |TAMS 0x0000000614600000, 0x0000000614600000| Untracked 
| 155|0x0000000614800000, 0x0000000614800000, 0x0000000614a00000|  0%| F|  |TAMS 0x0000000614800000, 0x0000000614800000| Untracked 
| 156|0x0000000614a00000, 0x0000000614a00000, 0x0000000614c00000|  0%| F|  |TAMS 0x0000000614a00000, 0x0000000614a00000| Untracked 
| 157|0x0000000614c00000, 0x0000000614c00000, 0x0000000614e00000|  0%| F|  |TAMS 0x0000000614c00000, 0x0000000614c00000| Untracked 
| 158|0x0000000614e00000, 0x0000000614e00000, 0x0000000615000000|  0%| F|  |TAMS 0x0000000614e00000, 0x0000000614e00000| Untracked 
| 159|0x0000000615000000, 0x0000000615000000, 0x0000000615200000|  0%| F|  |TAMS 0x0000000615000000, 0x0000000615000000| Untracked 
| 160|0x0000000615200000, 0x0000000615200000, 0x0000000615400000|  0%| F|  |TAMS 0x0000000615200000, 0x0000000615200000| Untracked 
| 161|0x0000000615400000, 0x0000000615400000, 0x0000000615600000|  0%| F|  |TAMS 0x0000000615400000, 0x0000000615400000| Untracked 
| 162|0x0000000615600000, 0x0000000615600000, 0x0000000615800000|  0%| F|  |TAMS 0x0000000615600000, 0x0000000615600000| Untracked 
| 163|0x0000000615800000, 0x0000000615800000, 0x0000000615a00000|  0%| F|  |TAMS 0x0000000615800000, 0x0000000615800000| Untracked 
| 164|0x0000000615a00000, 0x0000000615a00000, 0x0000000615c00000|  0%| F|  |TAMS 0x0000000615a00000, 0x0000000615a00000| Untracked 
| 165|0x0000000615c00000, 0x0000000615c00000, 0x0000000615e00000|  0%| F|  |TAMS 0x0000000615c00000, 0x0000000615c00000| Untracked 
| 166|0x0000000615e00000, 0x0000000615e00000, 0x0000000616000000|  0%| F|  |TAMS 0x0000000615e00000, 0x0000000615e00000| Untracked 
| 167|0x0000000616000000, 0x0000000616000000, 0x0000000616200000|  0%| F|  |TAMS 0x0000000616000000, 0x0000000616000000| Untracked 
| 168|0x0000000616200000, 0x0000000616200000, 0x0000000616400000|  0%| F|  |TAMS 0x0000000616200000, 0x0000000616200000| Untracked 
| 169|0x0000000616400000, 0x0000000616400000, 0x0000000616600000|  0%| F|  |TAMS 0x0000000616400000, 0x0000000616400000| Untracked 
| 170|0x0000000616600000, 0x0000000616600000, 0x0000000616800000|  0%| F|  |TAMS 0x0000000616600000, 0x0000000616600000| Untracked 
| 171|0x0000000616800000, 0x0000000616800000, 0x0000000616a00000|  0%| F|  |TAMS 0x0000000616800000, 0x0000000616800000| Untracked 
| 172|0x0000000616a00000, 0x0000000616a00000, 0x0000000616c00000|  0%| F|  |TAMS 0x0000000616a00000, 0x0000000616a00000| Untracked 
| 173|0x0000000616c00000, 0x0000000616c00000, 0x0000000616e00000|  0%| F|  |TAMS 0x0000000616c00000, 0x0000000616c00000| Untracked 
| 174|0x0000000616e00000, 0x0000000616e00000, 0x0000000617000000|  0%| F|  |TAMS 0x0000000616e00000, 0x0000000616e00000| Untracked 
| 175|0x0000000617000000, 0x0000000617000000, 0x0000000617200000|  0%| F|  |TAMS 0x0000000617000000, 0x0000000617000000| Untracked 
| 176|0x0000000617200000, 0x0000000617200000, 0x0000000617400000|  0%| F|  |TAMS 0x0000000617200000, 0x0000000617200000| Untracked 
| 177|0x0000000617400000, 0x0000000617400000, 0x0000000617600000|  0%| F|  |TAMS 0x0000000617400000, 0x0000000617400000| Untracked 
| 178|0x0000000617600000, 0x0000000617600000, 0x0000000617800000|  0%| F|  |TAMS 0x0000000617600000, 0x0000000617600000| Untracked 
| 179|0x0000000617800000, 0x0000000617800000, 0x0000000617a00000|  0%| F|  |TAMS 0x0000000617800000, 0x0000000617800000| Untracked 
| 180|0x0000000617a00000, 0x0000000617a00000, 0x0000000617c00000|  0%| F|  |TAMS 0x0000000617a00000, 0x0000000617a00000| Untracked 
| 181|0x0000000617c00000, 0x0000000617c00000, 0x0000000617e00000|  0%| F|  |TAMS 0x0000000617c00000, 0x0000000617c00000| Untracked 
| 182|0x0000000617e00000, 0x0000000617e00000, 0x0000000618000000|  0%| F|  |TAMS 0x0000000617e00000, 0x0000000617e00000| Untracked 
| 183|0x0000000618000000, 0x0000000618000000, 0x0000000618200000|  0%| F|  |TAMS 0x0000000618000000, 0x0000000618000000| Untracked 
| 184|0x0000000618200000, 0x0000000618200000, 0x0000000618400000|  0%| F|  |TAMS 0x0000000618200000, 0x0000000618200000| Untracked 
| 185|0x0000000618400000, 0x0000000618400000, 0x0000000618600000|  0%| F|  |TAMS 0x0000000618400000, 0x0000000618400000| Untracked 
| 186|0x0000000618600000, 0x0000000618600000, 0x0000000618800000|  0%| F|  |TAMS 0x0000000618600000, 0x0000000618600000| Untracked 
| 187|0x0000000618800000, 0x0000000618800000, 0x0000000618a00000|  0%| F|  |TAMS 0x0000000618800000, 0x0000000618800000| Untracked 
| 188|0x0000000618a00000, 0x0000000618a00000, 0x0000000618c00000|  0%| F|  |TAMS 0x0000000618a00000, 0x0000000618a00000| Untracked 
| 189|0x0000000618c00000, 0x0000000618c00000, 0x0000000618e00000|  0%| F|  |TAMS 0x0000000618c00000, 0x0000000618c00000| Untracked 
| 190|0x0000000618e00000, 0x0000000618e00000, 0x0000000619000000|  0%| F|  |TAMS 0x0000000618e00000, 0x0000000618e00000| Untracked 
| 191|0x0000000619000000, 0x0000000619000000, 0x0000000619200000|  0%| F|  |TAMS 0x0000000619000000, 0x0000000619000000| Untracked 
| 192|0x0000000619200000, 0x0000000619200000, 0x0000000619400000|  0%| F|  |TAMS 0x0000000619200000, 0x0000000619200000| Untracked 
| 193|0x0000000619400000, 0x0000000619400000, 0x0000000619600000|  0%| F|  |TAMS 0x0000000619400000, 0x0000000619400000| Untracked 
| 194|0x0000000619600000, 0x0000000619600000, 0x0000000619800000|  0%| F|  |TAMS 0x0000000619600000, 0x0000000619600000| Untracked 
| 195|0x0000000619800000, 0x0000000619800000, 0x0000000619a00000|  0%| F|  |TAMS 0x0000000619800000, 0x0000000619800000| Untracked 
| 196|0x0000000619a00000, 0x0000000619a00000, 0x0000000619c00000|  0%| F|  |TAMS 0x0000000619a00000, 0x0000000619a00000| Untracked 
| 197|0x0000000619c00000, 0x0000000619c00000, 0x0000000619e00000|  0%| F|  |TAMS 0x0000000619c00000, 0x0000000619c00000| Untracked 
| 198|0x0000000619e00000, 0x0000000619e00000, 0x000000061a000000|  0%| F|  |TAMS 0x0000000619e00000, 0x0000000619e00000| Untracked 
| 199|0x000000061a000000, 0x000000061a000000, 0x000000061a200000|  0%| F|  |TAMS 0x000000061a000000, 0x000000061a000000| Untracked 
| 200|0x000000061a200000, 0x000000061a200000, 0x000000061a400000|  0%| F|  |TAMS 0x000000061a200000, 0x000000061a200000| Untracked 
| 201|0x000000061a400000, 0x000000061a400000, 0x000000061a600000|  0%| F|  |TAMS 0x000000061a400000, 0x000000061a400000| Untracked 
| 202|0x000000061a600000, 0x000000061a600000, 0x000000061a800000|  0%| F|  |TAMS 0x000000061a600000, 0x000000061a600000| Untracked 
| 203|0x000000061a800000, 0x000000061a800000, 0x000000061aa00000|  0%| F|  |TAMS 0x000000061a800000, 0x000000061a800000| Untracked 
| 204|0x000000061aa00000, 0x000000061aa00000, 0x000000061ac00000|  0%| F|  |TAMS 0x000000061aa00000, 0x000000061aa00000| Untracked 
| 205|0x000000061ac00000, 0x000000061ac00000, 0x000000061ae00000|  0%| F|  |TAMS 0x000000061ac00000, 0x000000061ac00000| Untracked 
| 206|0x000000061ae00000, 0x000000061ae00000, 0x000000061b000000|  0%| F|  |TAMS 0x000000061ae00000, 0x000000061ae00000| Untracked 
| 207|0x000000061b000000, 0x000000061b000000, 0x000000061b200000|  0%| F|  |TAMS 0x000000061b000000, 0x000000061b000000| Untracked 
| 208|0x000000061b200000, 0x000000061b200000, 0x000000061b400000|  0%| F|  |TAMS 0x000000061b200000, 0x000000061b200000| Untracked 
| 209|0x000000061b400000, 0x000000061b400000, 0x000000061b600000|  0%| F|  |TAMS 0x000000061b400000, 0x000000061b400000| Untracked 
| 210|0x000000061b600000, 0x000000061b600000, 0x000000061b800000|  0%| F|  |TAMS 0x000000061b600000, 0x000000061b600000| Untracked 
| 211|0x000000061b800000, 0x000000061b800000, 0x000000061ba00000|  0%| F|  |TAMS 0x000000061b800000, 0x000000061b800000| Untracked 
| 212|0x000000061ba00000, 0x000000061ba00000, 0x000000061bc00000|  0%| F|  |TAMS 0x000000061ba00000, 0x000000061ba00000| Untracked 
| 213|0x000000061bc00000, 0x000000061bc00000, 0x000000061be00000|  0%| F|  |TAMS 0x000000061bc00000, 0x000000061bc00000| Untracked 
| 214|0x000000061be00000, 0x000000061be00000, 0x000000061c000000|  0%| F|  |TAMS 0x000000061be00000, 0x000000061be00000| Untracked 
| 215|0x000000061c000000, 0x000000061c000000, 0x000000061c200000|  0%| F|  |TAMS 0x000000061c000000, 0x000000061c000000| Untracked 
| 216|0x000000061c200000, 0x000000061c200000, 0x000000061c400000|  0%| F|  |TAMS 0x000000061c200000, 0x000000061c200000| Untracked 
| 217|0x000000061c400000, 0x000000061c400000, 0x000000061c600000|  0%| F|  |TAMS 0x000000061c400000, 0x000000061c400000| Untracked 
| 218|0x000000061c600000, 0x000000061c600000, 0x000000061c800000|  0%| F|  |TAMS 0x000000061c600000, 0x000000061c600000| Untracked 
| 219|0x000000061c800000, 0x000000061c800000, 0x000000061ca00000|  0%| F|  |TAMS 0x000000061c800000, 0x000000061c800000| Untracked 
| 220|0x000000061ca00000, 0x000000061ca00000, 0x000000061cc00000|  0%| F|  |TAMS 0x000000061ca00000, 0x000000061ca00000| Untracked 
| 221|0x000000061cc00000, 0x000000061cc00000, 0x000000061ce00000|  0%| F|  |TAMS 0x000000061cc00000, 0x000000061cc00000| Untracked 
| 222|0x000000061ce00000, 0x000000061ce00000, 0x000000061d000000|  0%| F|  |TAMS 0x000000061ce00000, 0x000000061ce00000| Untracked 
| 223|0x000000061d000000, 0x000000061d000000, 0x000000061d200000|  0%| F|  |TAMS 0x000000061d000000, 0x000000061d000000| Untracked 
| 224|0x000000061d200000, 0x000000061d200000, 0x000000061d400000|  0%| F|  |TAMS 0x000000061d200000, 0x000000061d200000| Untracked 
| 225|0x000000061d400000, 0x000000061d400000, 0x000000061d600000|  0%| F|  |TAMS 0x000000061d400000, 0x000000061d400000| Untracked 
| 226|0x000000061d600000, 0x000000061d600000, 0x000000061d800000|  0%| F|  |TAMS 0x000000061d600000, 0x000000061d600000| Untracked 
| 227|0x000000061d800000, 0x000000061d800000, 0x000000061da00000|  0%| F|  |TAMS 0x000000061d800000, 0x000000061d800000| Untracked 
| 228|0x000000061da00000, 0x000000061da00000, 0x000000061dc00000|  0%| F|  |TAMS 0x000000061da00000, 0x000000061da00000| Untracked 
| 229|0x000000061dc00000, 0x000000061dc00000, 0x000000061de00000|  0%| F|  |TAMS 0x000000061dc00000, 0x000000061dc00000| Untracked 
| 230|0x000000061de00000, 0x000000061de00000, 0x000000061e000000|  0%| F|  |TAMS 0x000000061de00000, 0x000000061de00000| Untracked 
| 231|0x000000061e000000, 0x000000061e000000, 0x000000061e200000|  0%| F|  |TAMS 0x000000061e000000, 0x000000061e000000| Untracked 
| 232|0x000000061e200000, 0x000000061e200000, 0x000000061e400000|  0%| F|  |TAMS 0x000000061e200000, 0x000000061e200000| Untracked 
| 233|0x000000061e400000, 0x000000061e400000, 0x000000061e600000|  0%| F|  |TAMS 0x000000061e400000, 0x000000061e400000| Untracked 
| 234|0x000000061e600000, 0x000000061e600000, 0x000000061e800000|  0%| F|  |TAMS 0x000000061e600000, 0x000000061e600000| Untracked 
| 235|0x000000061e800000, 0x000000061e800000, 0x000000061ea00000|  0%| F|  |TAMS 0x000000061e800000, 0x000000061e800000| Untracked 
| 236|0x000000061ea00000, 0x000000061ea00000, 0x000000061ec00000|  0%| F|  |TAMS 0x000000061ea00000, 0x000000061ea00000| Untracked 
| 237|0x000000061ec00000, 0x000000061ec00000, 0x000000061ee00000|  0%| F|  |TAMS 0x000000061ec00000, 0x000000061ec00000| Untracked 
| 238|0x000000061ee00000, 0x000000061ef46510, 0x000000061f000000| 63%| S|CS|TAMS 0x000000061ee00000, 0x000000061ee00000| Complete 
| 239|0x000000061f000000, 0x000000061f200000, 0x000000061f200000|100%| S|CS|TAMS 0x000000061f000000, 0x000000061f000000| Complete 
| 240|0x000000061f200000, 0x000000061f400000, 0x000000061f400000|100%| S|CS|TAMS 0x000000061f200000, 0x000000061f200000| Complete 
| 241|0x000000061f400000, 0x000000061f600000, 0x000000061f600000|100%| S|CS|TAMS 0x000000061f400000, 0x000000061f400000| Complete 
| 242|0x000000061f600000, 0x000000061f800000, 0x000000061f800000|100%| S|CS|TAMS 0x000000061f600000, 0x000000061f600000| Complete 
| 243|0x000000061f800000, 0x000000061fa00000, 0x000000061fa00000|100%| S|CS|TAMS 0x000000061f800000, 0x000000061f800000| Complete 
| 244|0x000000061fa00000, 0x000000061fa00000, 0x000000061fc00000|  0%| F|  |TAMS 0x000000061fa00000, 0x000000061fa00000| Untracked 
| 245|0x000000061fc00000, 0x000000061fc00000, 0x000000061fe00000|  0%| F|  |TAMS 0x000000061fc00000, 0x000000061fc00000| Untracked 
| 246|0x000000061fe00000, 0x000000061fe00000, 0x0000000620000000|  0%| F|  |TAMS 0x000000061fe00000, 0x000000061fe00000| Untracked 
| 247|0x0000000620000000, 0x0000000620000000, 0x0000000620200000|  0%| F|  |TAMS 0x0000000620000000, 0x0000000620000000| Untracked 
| 248|0x0000000620200000, 0x0000000620200000, 0x0000000620400000|  0%| F|  |TAMS 0x0000000620200000, 0x0000000620200000| Untracked 
| 249|0x0000000620400000, 0x0000000620600000, 0x0000000620600000|100%| S|CS|TAMS 0x0000000620400000, 0x0000000620400000| Complete 
| 250|0x0000000620600000, 0x0000000620800000, 0x0000000620800000|100%| S|CS|TAMS 0x0000000620600000, 0x0000000620600000| Complete 
| 251|0x0000000620800000, 0x0000000620800000, 0x0000000620a00000|  0%| F|  |TAMS 0x0000000620800000, 0x0000000620800000| Untracked 
| 252|0x0000000620a00000, 0x0000000620a00000, 0x0000000620c00000|  0%| F|  |TAMS 0x0000000620a00000, 0x0000000620a00000| Untracked 
| 253|0x0000000620c00000, 0x0000000620c00000, 0x0000000620e00000|  0%| F|  |TAMS 0x0000000620c00000, 0x0000000620c00000| Untracked 
| 254|0x0000000620e00000, 0x0000000620e00000, 0x0000000621000000|  0%| F|  |TAMS 0x0000000620e00000, 0x0000000620e00000| Untracked 
| 255|0x0000000621000000, 0x0000000621000000, 0x0000000621200000|  0%| F|  |TAMS 0x0000000621000000, 0x0000000621000000| Untracked 
| 256|0x0000000621200000, 0x0000000621200000, 0x0000000621400000|  0%| F|  |TAMS 0x0000000621200000, 0x0000000621200000| Untracked 
| 257|0x0000000621400000, 0x0000000621400000, 0x0000000621600000|  0%| F|  |TAMS 0x0000000621400000, 0x0000000621400000| Untracked 
| 258|0x0000000621600000, 0x0000000621600000, 0x0000000621800000|  0%| F|  |TAMS 0x0000000621600000, 0x0000000621600000| Untracked 
| 259|0x0000000621800000, 0x0000000621800000, 0x0000000621a00000|  0%| F|  |TAMS 0x0000000621800000, 0x0000000621800000| Untracked 
| 260|0x0000000621a00000, 0x0000000621a00000, 0x0000000621c00000|  0%| F|  |TAMS 0x0000000621a00000, 0x0000000621a00000| Untracked 
| 261|0x0000000621c00000, 0x0000000621c00000, 0x0000000621e00000|  0%| F|  |TAMS 0x0000000621c00000, 0x0000000621c00000| Untracked 
| 262|0x0000000621e00000, 0x0000000621e00000, 0x0000000622000000|  0%| F|  |TAMS 0x0000000621e00000, 0x0000000621e00000| Untracked 
| 263|0x0000000622000000, 0x0000000622000000, 0x0000000622200000|  0%| F|  |TAMS 0x0000000622000000, 0x0000000622000000| Untracked 
| 264|0x0000000622200000, 0x0000000622200000, 0x0000000622400000|  0%| F|  |TAMS 0x0000000622200000, 0x0000000622200000| Untracked 
| 265|0x0000000622400000, 0x0000000622400000, 0x0000000622600000|  0%| F|  |TAMS 0x0000000622400000, 0x0000000622400000| Untracked 
| 266|0x0000000622600000, 0x0000000622600000, 0x0000000622800000|  0%| F|  |TAMS 0x0000000622600000, 0x0000000622600000| Untracked 
| 267|0x0000000622800000, 0x0000000622800000, 0x0000000622a00000|  0%| F|  |TAMS 0x0000000622800000, 0x0000000622800000| Untracked 
| 268|0x0000000622a00000, 0x0000000622a00000, 0x0000000622c00000|  0%| F|  |TAMS 0x0000000622a00000, 0x0000000622a00000| Untracked 
| 269|0x0000000622c00000, 0x0000000622c00000, 0x0000000622e00000|  0%| F|  |TAMS 0x0000000622c00000, 0x0000000622c00000| Untracked 
| 270|0x0000000622e00000, 0x0000000622e00000, 0x0000000623000000|  0%| F|  |TAMS 0x0000000622e00000, 0x0000000622e00000| Untracked 
| 271|0x0000000623000000, 0x0000000623000000, 0x0000000623200000|  0%| F|  |TAMS 0x0000000623000000, 0x0000000623000000| Untracked 
| 272|0x0000000623200000, 0x0000000623200000, 0x0000000623400000|  0%| F|  |TAMS 0x0000000623200000, 0x0000000623200000| Untracked 
| 273|0x0000000623400000, 0x0000000623400000, 0x0000000623600000|  0%| F|  |TAMS 0x0000000623400000, 0x0000000623400000| Untracked 
| 274|0x0000000623600000, 0x0000000623600000, 0x0000000623800000|  0%| F|  |TAMS 0x0000000623600000, 0x0000000623600000| Untracked 
| 275|0x0000000623800000, 0x0000000623800000, 0x0000000623a00000|  0%| F|  |TAMS 0x0000000623800000, 0x0000000623800000| Untracked 
| 276|0x0000000623a00000, 0x0000000623a00000, 0x0000000623c00000|  0%| F|  |TAMS 0x0000000623a00000, 0x0000000623a00000| Untracked 
| 277|0x0000000623c00000, 0x0000000623c00000, 0x0000000623e00000|  0%| F|  |TAMS 0x0000000623c00000, 0x0000000623c00000| Untracked 
| 278|0x0000000623e00000, 0x0000000623e00000, 0x0000000624000000|  0%| F|  |TAMS 0x0000000623e00000, 0x0000000623e00000| Untracked 
| 279|0x0000000624000000, 0x0000000624000000, 0x0000000624200000|  0%| F|  |TAMS 0x0000000624000000, 0x0000000624000000| Untracked 
| 280|0x0000000624200000, 0x0000000624200000, 0x0000000624400000|  0%| F|  |TAMS 0x0000000624200000, 0x0000000624200000| Untracked 
| 281|0x0000000624400000, 0x0000000624400000, 0x0000000624600000|  0%| F|  |TAMS 0x0000000624400000, 0x0000000624400000| Untracked 
| 282|0x0000000624600000, 0x0000000624600000, 0x0000000624800000|  0%| F|  |TAMS 0x0000000624600000, 0x0000000624600000| Untracked 
| 283|0x0000000624800000, 0x0000000624800000, 0x0000000624a00000|  0%| F|  |TAMS 0x0000000624800000, 0x0000000624800000| Untracked 
| 284|0x0000000624a00000, 0x0000000624a00000, 0x0000000624c00000|  0%| F|  |TAMS 0x0000000624a00000, 0x0000000624a00000| Untracked 
| 285|0x0000000624c00000, 0x0000000624c00000, 0x0000000624e00000|  0%| F|  |TAMS 0x0000000624c00000, 0x0000000624c00000| Untracked 
| 286|0x0000000624e00000, 0x0000000624e00000, 0x0000000625000000|  0%| F|  |TAMS 0x0000000624e00000, 0x0000000624e00000| Untracked 
| 287|0x0000000625000000, 0x0000000625000000, 0x0000000625200000|  0%| F|  |TAMS 0x0000000625000000, 0x0000000625000000| Untracked 
| 288|0x0000000625200000, 0x0000000625200000, 0x0000000625400000|  0%| F|  |TAMS 0x0000000625200000, 0x0000000625200000| Untracked 
| 289|0x0000000625400000, 0x0000000625400000, 0x0000000625600000|  0%| F|  |TAMS 0x0000000625400000, 0x0000000625400000| Untracked 
| 290|0x0000000625600000, 0x0000000625600000, 0x0000000625800000|  0%| F|  |TAMS 0x0000000625600000, 0x0000000625600000| Untracked 
| 291|0x0000000625800000, 0x0000000625800000, 0x0000000625a00000|  0%| F|  |TAMS 0x0000000625800000, 0x0000000625800000| Untracked 
| 292|0x0000000625a00000, 0x0000000625a00000, 0x0000000625c00000|  0%| F|  |TAMS 0x0000000625a00000, 0x0000000625a00000| Untracked 
| 293|0x0000000625c00000, 0x0000000625c00000, 0x0000000625e00000|  0%| F|  |TAMS 0x0000000625c00000, 0x0000000625c00000| Untracked 
| 294|0x0000000625e00000, 0x0000000626000000, 0x0000000626000000|100%| E|  |TAMS 0x0000000625e00000, 0x0000000625e00000| Complete 
| 295|0x0000000626000000, 0x0000000626200000, 0x0000000626200000|100%| E|CS|TAMS 0x0000000626000000, 0x0000000626000000| Complete 
| 296|0x0000000626200000, 0x0000000626400000, 0x0000000626400000|100%| E|CS|TAMS 0x0000000626200000, 0x0000000626200000| Complete 
| 297|0x0000000626400000, 0x0000000626600000, 0x0000000626600000|100%| E|CS|TAMS 0x0000000626400000, 0x0000000626400000| Complete 
| 298|0x0000000626600000, 0x0000000626800000, 0x0000000626800000|100%| E|CS|TAMS 0x0000000626600000, 0x0000000626600000| Complete 
| 299|0x0000000626800000, 0x0000000626a00000, 0x0000000626a00000|100%| E|CS|TAMS 0x0000000626800000, 0x0000000626800000| Complete 
| 300|0x0000000626a00000, 0x0000000626c00000, 0x0000000626c00000|100%| E|CS|TAMS 0x0000000626a00000, 0x0000000626a00000| Complete 
| 301|0x0000000626c00000, 0x0000000626e00000, 0x0000000626e00000|100%| E|CS|TAMS 0x0000000626c00000, 0x0000000626c00000| Complete 
| 302|0x0000000626e00000, 0x0000000627000000, 0x0000000627000000|100%| E|CS|TAMS 0x0000000626e00000, 0x0000000626e00000| Complete 
| 303|0x0000000627000000, 0x0000000627200000, 0x0000000627200000|100%| E|CS|TAMS 0x0000000627000000, 0x0000000627000000| Complete 
| 304|0x0000000627200000, 0x0000000627400000, 0x0000000627400000|100%| E|CS|TAMS 0x0000000627200000, 0x0000000627200000| Complete 
| 305|0x0000000627400000, 0x0000000627600000, 0x0000000627600000|100%| E|CS|TAMS 0x0000000627400000, 0x0000000627400000| Complete 
| 306|0x0000000627600000, 0x0000000627800000, 0x0000000627800000|100%| E|CS|TAMS 0x0000000627600000, 0x0000000627600000| Complete 
| 307|0x0000000627800000, 0x0000000627a00000, 0x0000000627a00000|100%| E|CS|TAMS 0x0000000627800000, 0x0000000627800000| Complete 

Card table byte_map: [0x00000209fca60000,0x00000209fda60000] _byte_map_base: 0x00000209f9a57000

Marking Bits (Prev, Next): (CMBitMap*) 0x00000209f2e4af88, (CMBitMap*) 0x00000209f2e4afc0
 Prev Bits: [0x000002098f000000, 0x0000020996fb8000)
 Next Bits: [0x0000020996fc0000, 0x000002099ef78000)

Polling page: 0x00000209f0cf0000

Metaspace:

Usage:
  Non-class:     44.73 MB capacity,    43.72 MB ( 98%) used,   845.16 KB (  2%) free+waste,   192.13 KB ( <1%) overhead. 
      Class:      6.67 MB capacity,     6.00 MB ( 90%) used,   590.21 KB (  9%) free+waste,    93.63 KB (  1%) overhead. 
       Both:     51.40 MB capacity,    49.72 MB ( 97%) used,     1.40 MB (  3%) free+waste,   285.75 KB ( <1%) overhead. 

Virtual space:
  Non-class space:       46.00 MB reserved,      44.75 MB ( 97%) committed 
      Class space:        1.00 GB reserved,       6.75 MB ( <1%) committed 
             Both:        1.04 GB reserved,      51.50 MB (  5%) committed 

Chunk freelists:
   Non-Class:  14.00 KB
       Class:  21.00 KB
        Both:  35.00 KB

MaxMetaspaceSize: 17179869184.00 GB
CompressedClassSpaceSize: 1.00 GB
Initial GC threshold: 20.80 MB
Current GC threshold: 58.95 MB
CDS: off

CodeHeap 'non-profiled nmethods': size=238336Kb used=7255Kb max_used=7255Kb free=231080Kb
 bounds [0x0000020980740000, 0x0000020980e60000, 0x000002098f000000]
CodeHeap 'non-nmethods': size=7424Kb used=1362Kb max_used=1362Kb free=6061Kb
 bounds [0x0000020980000000, 0x0000020980270000, 0x0000020980740000]
 total_blobs=4781 nmethods=4200 adapters=516
 compilation: enabled
              stopped_count=0, restarted_count=0
 full_count=0

Compilation events (20 events):
Event: 3.405 Thread 0x00000209ff9dd800 4178       1       sun.security.ssl.SSLAlgorithmDecomposer::decomposes (175 bytes)
Event: 3.405 Thread 0x00000209ff9dd800 nmethod 4178 0x0000020980e50010 code [0x0000020980e502a0, 0x0000020980e508d8]
Event: 3.405 Thread 0x00000209ff9dd800 4181       1       java.util.LinkedList::indexOf (73 bytes)
Event: 3.406 Thread 0x00000209ff9dd800 nmethod 4181 0x0000020980e50c10 code [0x0000020980e50dc0, 0x0000020980e50fa8]
Event: 3.406 Thread 0x00000209ff9dd800 4179       1       sun.security.ssl.SSLAlgorithmDecomposer::decomposes (81 bytes)
Event: 3.406 Thread 0x00000209ff9dd800 nmethod 4179 0x0000020980e51110 code [0x0000020980e51320, 0x0000020980e51718]
Event: 3.406 Thread 0x00000209ff9dd800 4180       1       java.util.EnumSet::of (16 bytes)
Event: 3.406 Thread 0x00000209ff9dd800 nmethod 4180 0x0000020980e51910 code [0x0000020980e51ae0, 0x0000020980e51c28]
Event: 3.406 Thread 0x00000209ff9dd800 4182       1       sun.security.util.DisabledAlgorithmConstraints$Constraints::getConstraints (20 bytes)
Event: 3.406 Thread 0x00000209ff9dd800 nmethod 4182 0x0000020980e51d90 code [0x0000020980e51f60, 0x0000020980e52148]
Event: 3.406 Thread 0x00000209ff9dd800 4183       1       java.util.regex.Pattern$BranchConn::match (11 bytes)
Event: 3.406 Thread 0x00000209ff9dd800 nmethod 4183 0x0000020980e52290 code [0x0000020980e52440, 0x0000020980e52548]
Event: 3.407 Thread 0x00000209ff9dd800 4184       1       sun.security.ssl.Record::verifyLength (19 bytes)
Event: 3.407 Thread 0x00000209ff9dd800 nmethod 4184 0x0000020980e52610 code [0x0000020980e527e0, 0x0000020980e52988]
Event: 3.407 Thread 0x00000209ff9dd800 4185       1       java.math.MutableBigInteger::<init> (21 bytes)
Event: 3.407 Thread 0x00000209ff9dd800 nmethod 4185 0x0000020980e52a90 code [0x0000020980e52c40, 0x0000020980e52d58]
Event: 3.407 Thread 0x00000209ff9dd800 4186       1       java.math.MutableBigInteger::<init> (22 bytes)
Event: 3.407 Thread 0x00000209ff9dd800 nmethod 4186 0x0000020980e52e10 code [0x0000020980e52fc0, 0x0000020980e53178]
Event: 3.408 Thread 0x00000209ff9dd800 4187       1       java.math.BigInteger::<init> (38 bytes)
Event: 3.408 Thread 0x00000209ff9dd800 nmethod 4187 0x0000020980e53210 code [0x0000020980e533e0, 0x0000020980e53668]

GC Heap History (12 events):
Event: 0.857 GC heap before
{Heap before GC invocations=0 (full 0):
 garbage-first heap   total 524288K, used 22528K [0x0000000601200000, 0x0000000800000000)
  region size 2048K, 12 young (24576K), 0 survivors (0K)
 Metaspace       used 13802K, capacity 14191K, committed 14336K, reserved 1062912K
  class space    used 1399K, capacity 1518K, committed 1536K, reserved 1048576K
}
Event: 0.862 GC heap after
{Heap after GC invocations=1 (full 0):
 garbage-first heap   total 524288K, used 5630K [0x0000000601200000, 0x0000000800000000)
  region size 2048K, 2 young (4096K), 2 survivors (4096K)
 Metaspace       used 13802K, capacity 14191K, committed 14336K, reserved 1062912K
  class space    used 1399K, capacity 1518K, committed 1536K, reserved 1048576K
}
Event: 1.299 GC heap before
{Heap before GC invocations=1 (full 0):
 garbage-first heap   total 524288K, used 50686K [0x0000000601200000, 0x0000000800000000)
  region size 2048K, 25 young (51200K), 2 survivors (4096K)
 Metaspace       used 20481K, capacity 21124K, committed 21248K, reserved 1069056K
  class space    used 2304K, capacity 2547K, committed 2560K, reserved 1048576K
}
Event: 1.305 GC heap after
{Heap after GC invocations=2 (full 0):
 garbage-first heap   total 524288K, used 7504K [0x0000000601200000, 0x0000000800000000)
  region size 2048K, 3 young (6144K), 3 survivors (6144K)
 Metaspace       used 20481K, capacity 21124K, committed 21248K, reserved 1069056K
  class space    used 2304K, capacity 2547K, committed 2560K, reserved 1048576K
}
Event: 1.643 GC heap before
{Heap before GC invocations=3 (full 0):
 garbage-first heap   total 524288K, used 54608K [0x0000000601200000, 0x0000000800000000)
  region size 2048K, 27 young (55296K), 3 survivors (6144K)
 Metaspace       used 26091K, capacity 27046K, committed 27260K, reserved 1073152K
  class space    used 3040K, capacity 3382K, committed 3456K, reserved 1048576K
}
Event: 1.648 GC heap after
{Heap after GC invocations=4 (full 0):
 garbage-first heap   total 524288K, used 10008K [0x0000000601200000, 0x0000000800000000)
  region size 2048K, 3 young (6144K), 3 survivors (6144K)
 Metaspace       used 26091K, capacity 27046K, committed 27260K, reserved 1073152K
  class space    used 3040K, capacity 3382K, committed 3456K, reserved 1048576K
}
Event: 2.411 GC heap before
{Heap before GC invocations=4 (full 0):
 garbage-first heap   total 524288K, used 81688K [0x0000000601200000, 0x0000000800000000)
  region size 2048K, 38 young (77824K), 3 survivors (6144K)
 Metaspace       used 32686K, capacity 33890K, committed 34172K, reserved 1079296K
  class space    used 3942K, capacity 4401K, committed 4480K, reserved 1048576K
}
Event: 2.417 GC heap after
{Heap after GC invocations=5 (full 0):
 garbage-first heap   total 524288K, used 13706K [0x0000000601200000, 0x0000000800000000)
  region size 2048K, 4 young (8192K), 4 survivors (8192K)
 Metaspace       used 32686K, capacity 33890K, committed 34172K, reserved 1079296K
  class space    used 3942K, capacity 4401K, committed 4480K, reserved 1048576K
}
Event: 2.566 GC heap before
{Heap before GC invocations=5 (full 0):
 garbage-first heap   total 524288K, used 25994K [0x0000000601200000, 0x0000000800000000)
  region size 2048K, 11 young (22528K), 4 survivors (8192K)
 Metaspace       used 34668K, capacity 35839K, committed 35964K, reserved 1081344K
  class space    used 4159K, capacity 4644K, committed 4736K, reserved 1048576K
}
Event: 2.579 GC heap after
{Heap after GC invocations=6 (full 0):
 garbage-first heap   total 630784K, used 14245K [0x0000000601200000, 0x0000000800000000)
  region size 2048K, 5 young (10240K), 5 survivors (10240K)
 Metaspace       used 34668K, capacity 35839K, committed 35964K, reserved 1081344K
  class space    used 4159K, capacity 4644K, committed 4736K, reserved 1048576K
}
Event: 10.976 GC heap before
{Heap before GC invocations=7 (full 0):
 garbage-first heap   total 630784K, used 130981K [0x0000000601200000, 0x0000000800000000)
  region size 2048K, 62 young (126976K), 5 survivors (10240K)
 Metaspace       used 47638K, capacity 49294K, committed 49532K, reserved 1091584K
  class space    used 5784K, capacity 6443K, committed 6528K, reserved 1048576K
}
Event: 10.985 GC heap after
{Heap after GC invocations=8 (full 0):
 garbage-first heap   total 630784K, used 21155K [0x0000000601200000, 0x0000000800000000)
  region size 2048K, 8 young (16384K), 8 survivors (16384K)
 Metaspace       used 47638K, capacity 49294K, committed 49532K, reserved 1091584K
  class space    used 5784K, capacity 6443K, committed 6528K, reserved 1048576K
}

Deoptimization events (20 events):
Event: 3.524 Thread 0x00000209a2adf800 DEOPT PACKING pc=0x00000209808ad21c sp=0x0000004c7e7fd760
Event: 3.524 Thread 0x00000209a2adf800 DEOPT UNPACKING pc=0x000002098004a95e sp=0x0000004c7e7fcc40 mode 0
Event: 3.524 Thread 0x00000209a2adf800 DEOPT PACKING pc=0x0000020980d9890c sp=0x0000004c7e7fd7f0
Event: 3.524 Thread 0x00000209a2adf800 DEOPT UNPACKING pc=0x000002098004a95e sp=0x0000004c7e7fcc98 mode 0
Event: 3.530 Thread 0x00000209a263a800 DEOPT PACKING pc=0x0000020980bfb794 sp=0x0000004c7e6fb740
Event: 3.530 Thread 0x00000209a263a800 DEOPT UNPACKING pc=0x000002098004a95e sp=0x0000004c7e6fae28 mode 0
Event: 3.598 Thread 0x00000209a263a800 DEOPT PACKING pc=0x0000020980bfb794 sp=0x0000004c7e6fc3c0
Event: 3.598 Thread 0x00000209a263a800 DEOPT UNPACKING pc=0x000002098004a95e sp=0x0000004c7e6fbaa8 mode 0
Event: 3.610 Thread 0x00000209a263a800 DEOPT PACKING pc=0x0000020980bfb794 sp=0x0000004c7e6fcd30
Event: 3.610 Thread 0x00000209a263a800 DEOPT UNPACKING pc=0x000002098004a95e sp=0x0000004c7e6fc418 mode 0
Event: 3.637 Thread 0x00000209a263a800 DEOPT PACKING pc=0x0000020980bfb794 sp=0x0000004c7e6fd8d0
Event: 3.637 Thread 0x00000209a263a800 DEOPT UNPACKING pc=0x000002098004a95e sp=0x0000004c7e6fcfb8 mode 0
Event: 3.643 Thread 0x00000209a263a800 DEOPT PACKING pc=0x0000020980bfb794 sp=0x0000004c7e6fe470
Event: 3.643 Thread 0x00000209a263a800 DEOPT UNPACKING pc=0x000002098004a95e sp=0x0000004c7e6fdb58 mode 0
Event: 7.777 Thread 0x00000209a33a7000 DEOPT PACKING pc=0x0000020980a2bc5c sp=0x0000004c7eefefd0
Event: 7.777 Thread 0x00000209a33a7000 DEOPT UNPACKING pc=0x000002098004a95e sp=0x0000004c7eefe4b0 mode 0
Event: 10.985 Thread 0x00000209ff7f6000 DEOPT PACKING pc=0x0000020980a2bc5c sp=0x0000004c7d6ff370
Event: 10.985 Thread 0x00000209ff7f6000 DEOPT UNPACKING pc=0x000002098004a95e sp=0x0000004c7d6fe850 mode 0
Event: 10.986 Thread 0x00000209ff96b000 DEOPT PACKING pc=0x0000020980a2bc5c sp=0x0000004c7d0ff610
Event: 10.986 Thread 0x00000209ff96b000 DEOPT UNPACKING pc=0x000002098004a95e sp=0x0000004c7d0feaf0 mode 0

Classes redefined (6 events):
Event: 208.824 Thread 0x00000209ff93f800 redefined class name=com.bitc.springteamproject1209.service.SinJsonServiceImpl$1, count=1
Event: 208.849 Thread 0x00000209ff93f800 redefined class name=com.bitc.springteamproject1209.service.SinJsonServiceImpl, count=1
Event: 305.766 Thread 0x00000209ff93f800 redefined class name=com.bitc.springteamproject1209.service.SinJsonServiceImpl$1, count=2
Event: 305.799 Thread 0x00000209ff93f800 redefined class name=com.bitc.springteamproject1209.service.SinJsonServiceImpl, count=2
Event: 433.532 Thread 0x00000209ff93f800 redefined class name=com.bitc.springteamproject1209.service.SinJsonServiceImpl$1, count=3
Event: 433.557 Thread 0x00000209ff93f800 redefined class name=com.bitc.springteamproject1209.service.SinJsonServiceImpl, count=3

Internal exceptions (20 events):
Event: 4.242 Thread 0x00000209a263a800 Exception <a 'java/lang/ClassNotFoundException'{0x0000000623a21c40}: org/springframework/web/context/ServletContextAwareCustomizer> (0x0000000623a21c40) thrown at [./src/hotspot/share/classfile/systemDictionary.cpp, line 230]
Event: 4.251 Thread 0x00000209a263a800 Exception <a 'java/lang/ClassNotFoundException'{0x0000000623a32340}: org/springframework/beans/factory/AwareCustomizer> (0x0000000623a32340) thrown at [./src/hotspot/share/classfile/systemDictionary.cpp, line 230]
Event: 4.550 Thread 0x00000209a2adf800 Exception <a 'java/lang/reflect/InvocationTargetException'{0x0000000625730a48}> (0x0000000625730a48) thrown at [./src/hotspot/share/runtime/reflection.cpp, line 1247]
Event: 5.061 Thread 0x00000209a2adf800 Exception <a 'java/lang/reflect/InvocationTargetException'{0x0000000623403cb0}> (0x0000000623403cb0) thrown at [./src/hotspot/share/runtime/reflection.cpp, line 1247]
Event: 5.574 Thread 0x00000209a2adf800 Exception <a 'java/lang/reflect/InvocationTargetException'{0x0000000623410168}> (0x0000000623410168) thrown at [./src/hotspot/share/runtime/reflection.cpp, line 1247]
Event: 5.881 Thread 0x00000209a263a800 Exception <a 'java/lang/NoSuchMethodError'{0x0000000623154e10}: 'void java.lang.invoke.DirectMethodHandle$Holder.invokeVirtual(java.lang.Object, java.lang.Object, int)'> (0x0000000623154e10) thrown at [./src/hotspot/share/interpreter/linkResolver.cpp, line 773]
Event: 5.895 Thread 0x00000209a263a800 Exception <a 'java/lang/NoSuchMethodError'{0x000000062316e9d0}: 'void java.lang.invoke.DirectMethodHandle$Holder.invokeVirtual(java.lang.Object, java.lang.Object, long)'> (0x000000062316e9d0) thrown at [./src/hotspot/share/interpreter/linkResolver.cpp, line 773]
Event: 6.084 Thread 0x00000209a2adf800 Exception <a 'java/lang/reflect/InvocationTargetException'{0x000000062341c6c0}> (0x000000062341c6c0) thrown at [./src/hotspot/share/runtime/reflection.cpp, line 1247]
Event: 6.594 Thread 0x00000209a2adf800 Exception <a 'java/lang/reflect/InvocationTargetException'{0x0000000623428c68}> (0x0000000623428c68) thrown at [./src/hotspot/share/runtime/reflection.cpp, line 1247]
Event: 7.105 Thread 0x00000209a2adf800 Exception <a 'java/lang/reflect/InvocationTargetException'{0x0000000623435210}> (0x0000000623435210) thrown at [./src/hotspot/share/runtime/reflection.cpp, line 1247]
Event: 7.135 Thread 0x00000209a263a800 Exception <a 'java/lang/IncompatibleClassChangeError'{0x00000006226a4970}: Found class java.lang.Object, but interface was expected> (0x00000006226a4970) thrown at [./src/hotspot/share/interpreter/linkResolver.cpp, line 839]
Event: 7.615 Thread 0x00000209a2adf800 Exception <a 'java/lang/reflect/InvocationTargetException'{0x000000062240a170}> (0x000000062240a170) thrown at [./src/hotspot/share/runtime/reflection.cpp, line 1247]
Event: 8.124 Thread 0x00000209a2adf800 Exception <a 'java/lang/reflect/InvocationTargetException'{0x0000000622416718}> (0x0000000622416718) thrown at [./src/hotspot/share/runtime/reflection.cpp, line 1247]
Event: 8.637 Thread 0x00000209a2adf800 Exception <a 'java/lang/reflect/InvocationTargetException'{0x0000000622425b08}> (0x0000000622425b08) thrown at [./src/hotspot/share/runtime/reflection.cpp, line 1247]
Event: 9.158 Thread 0x00000209a2adf800 Exception <a 'java/lang/reflect/InvocationTargetException'{0x0000000621607b88}> (0x0000000621607b88) thrown at [./src/hotspot/share/runtime/reflection.cpp, line 1247]
Event: 10.880 Thread 0x00000209a263a800 Exception <a 'java/lang/NoSuchMethodError'{0x0000000620d1ff40}: 'java.lang.Object java.lang.invoke.DirectMethodHandle$Holder.invokeSpecial(java.lang.Object, java.lang.Object, int, java.lang.Object, int, java.lang.Object)'> (0x0000000620d1ff40) thrown at [./src/hotspot/share/interpreter/linkResolver.cpp, line 773]
Event: 10.883 Thread 0x00000209a263a800 Exception <a 'java/lang/NoSuchMethodError'{0x0000000620d276d0}: 'java.lang.Object java.lang.invoke.DirectMethodHandle$Holder.invokeStatic(java.lang.Object, java.lang.Object, int, java.lang.Object, int)'> (0x0000000620d276d0) thrown at [./src/hotspot/share/interpreter/linkResolver.cpp, line 773]
Event: 10.885 Thread 0x00000209a263a800 Exception <a 'java/lang/NoSuchMethodError'{0x0000000620d2aeb0}: 'java.lang.Object java.lang.invoke.DirectMethodHandle$Holder.invokeSpecial(java.lang.Object, java.lang.Object, java.lang.Object, int, java.lang.Object, int)'> (0x0000000620d2aeb0) thrown at [./src/hotspot/share/interpreter/linkResolver.cpp, line 773]
Event: 10.891 Thread 0x00000209a263a800 Exception <a 'java/lang/NoSuchMethodError'{0x0000000620d39318}: 'void java.lang.invoke.DirectMethodHandle$Holder.invokeVirtual(java.lang.Object, java.lang.Object)'> (0x0000000620d39318) thrown at [./src/hotspot/share/interpreter/linkResolver.cpp, line 773]
Event: 216.982 Thread 0x00000209a1f20000 Exception <a 'java/net/SocketException'{0x0000000626887cf0}: Software caused connection abort: socket write error> (0x0000000626887cf0) thrown at [./src/hotspot/share/prims/jni.cpp, line 638]

Events (20 events):
Event: 433.564 Executing VM operation: EnterInterpOnlyMode done
Event: 433.564 Executing VM operation: EnterInterpOnlyMode
Event: 433.564 Executing VM operation: EnterInterpOnlyMode done
Event: 433.564 Executing VM operation: EnterInterpOnlyMode
Event: 433.564 Executing VM operation: EnterInterpOnlyMode done
Event: 433.564 Executing VM operation: EnterInterpOnlyMode
Event: 433.564 Executing VM operation: EnterInterpOnlyMode done
Event: 433.564 Executing VM operation: EnterInterpOnlyMode
Event: 433.564 Executing VM operation: EnterInterpOnlyMode done
Event: 433.564 Executing VM operation: EnterInterpOnlyMode
Event: 433.564 Executing VM operation: EnterInterpOnlyMode done
Event: 433.565 Executing VM operation: ChangeBreakpoints
Event: 433.568 Executing VM operation: ChangeBreakpoints done
Event: 433.570 Executing VM operation: ChangeBreakpoints
Event: 433.572 Executing VM operation: ChangeBreakpoints done
Event: 433.573 Executing VM operation: GetFrameCount
Event: 433.573 Executing VM operation: GetFrameCount done
Event: 433.573 Executing VM operation: GetStackTrace
Event: 433.573 Executing VM operation: GetStackTrace done
Event: 433.574 Executing VM operation: GetOrSetLocal


Dynamic libraries:
0x00007ff6e01c0000 - 0x00007ff6e01cd000 	C:\Users\UserK\.jdks\corretto-11.0.16.1\bin\java.exe
0x00007ff9b0f00000 - 0x00007ff9b1109000 	C:\Windows\SYSTEM32\ntdll.dll
0x00007ff9af860000 - 0x00007ff9af91e000 	C:\Windows\System32\KERNEL32.DLL
0x00007ff9ae470000 - 0x00007ff9ae7eb000 	C:\Windows\System32\KERNELBASE.dll
0x00007ff9aeaa0000 - 0x00007ff9aebb1000 	C:\Windows\System32\ucrtbase.dll
0x00007ff983390000 - 0x00007ff9833a9000 	C:\Users\UserK\.jdks\corretto-11.0.16.1\bin\VCRUNTIME140.dll
0x00007ff984ca0000 - 0x00007ff984cb7000 	C:\Users\UserK\.jdks\corretto-11.0.16.1\bin\jli.dll
0x00007ff9b0640000 - 0x00007ff9b07ed000 	C:\Windows\System32\USER32.dll
0x00007ff9a2890000 - 0x00007ff9a2b35000 	C:\Windows\WinSxS\amd64_microsoft.windows.common-controls_6595b64144ccf1df_6.0.22000.120_none_9d947278b86cc467\COMCTL32.dll
0x00007ff9aece0000 - 0x00007ff9aed06000 	C:\Windows\System32\win32u.dll
0x00007ff9b0820000 - 0x00007ff9b08c3000 	C:\Windows\System32\msvcrt.dll
0x00007ff9b07f0000 - 0x00007ff9b0819000 	C:\Windows\System32\GDI32.dll
0x00007ff9aebc0000 - 0x00007ff9aecd8000 	C:\Windows\System32\gdi32full.dll
0x00007ff9ae3d0000 - 0x00007ff9ae46d000 	C:\Windows\System32\msvcp_win.dll
0x00007ff9b0ce0000 - 0x00007ff9b0d12000 	C:\Windows\System32\IMM32.DLL
0x00007ff92f870000 - 0x00007ff92f90b000 	C:\Users\UserK\.jdks\corretto-11.0.16.1\bin\msvcp140.dll
0x00007ff92ece0000 - 0x00007ff92f864000 	C:\Users\UserK\.jdks\corretto-11.0.16.1\bin\server\jvm.dll
0x00007ff9af060000 - 0x00007ff9af10e000 	C:\Windows\System32\ADVAPI32.dll
0x00007ff9aee40000 - 0x00007ff9aeede000 	C:\Windows\System32\sechost.dll
0x00007ff9b04c0000 - 0x00007ff9b05e0000 	C:\Windows\System32\RPCRT4.dll
0x00007ff9b0200000 - 0x00007ff9b0208000 	C:\Windows\System32\PSAPI.DLL
0x00007ff9aab70000 - 0x00007ff9aab79000 	C:\Windows\SYSTEM32\WSOCK32.dll
0x00007ff9a6f70000 - 0x00007ff9a6fa3000 	C:\Windows\SYSTEM32\WINMM.dll
0x00007ff9a8220000 - 0x00007ff9a822a000 	C:\Windows\SYSTEM32\VERSION.dll
0x00007ff9b0210000 - 0x00007ff9b027f000 	C:\Windows\System32\WS2_32.dll
0x00007ff9ad540000 - 0x00007ff9ad558000 	C:\Windows\SYSTEM32\kernel.appcore.dll
0x00007ff986380000 - 0x00007ff986390000 	C:\Users\UserK\.jdks\corretto-11.0.16.1\bin\verify.dll
0x00007ff9a36d0000 - 0x00007ff9a38f1000 	C:\Windows\SYSTEM32\DBGHELP.DLL
0x00007ff99c480000 - 0x00007ff99c4b1000 	C:\Windows\SYSTEM32\dbgcore.DLL
0x00007ff9aea20000 - 0x00007ff9aea9f000 	C:\Windows\System32\bcryptPrimitives.dll
0x00007ff983360000 - 0x00007ff983388000 	C:\Users\UserK\.jdks\corretto-11.0.16.1\bin\java.dll
0x00007ff985f60000 - 0x00007ff985f6a000 	C:\Users\UserK\.jdks\corretto-11.0.16.1\bin\jimage.dll
0x00007ff97fbe0000 - 0x00007ff97fc18000 	C:\Users\UserK\.jdks\corretto-11.0.16.1\bin\jdwp.dll
0x00007ff99bf20000 - 0x00007ff99bf2e000 	C:\Users\UserK\.jdks\corretto-11.0.16.1\bin\instrument.dll
0x00007ff97fd90000 - 0x00007ff97fda8000 	C:\Users\UserK\.jdks\corretto-11.0.16.1\bin\zip.dll
0x00007ff9af990000 - 0x00007ff9b0148000 	C:\Windows\System32\SHELL32.dll
0x00007ff9ac4d0000 - 0x00007ff9acd35000 	C:\Windows\SYSTEM32\windows.storage.dll
0x00007ff9b08d0000 - 0x00007ff9b0c48000 	C:\Windows\System32\combase.dll
0x00007ff9ac360000 - 0x00007ff9ac4c6000 	C:\Windows\SYSTEM32\wintypes.dll
0x00007ff9b02e0000 - 0x00007ff9b03ca000 	C:\Windows\System32\SHCORE.dll
0x00007ff9b05e0000 - 0x00007ff9b063d000 	C:\Windows\System32\shlwapi.dll
0x00007ff9ae300000 - 0x00007ff9ae321000 	C:\Windows\SYSTEM32\profapi.dll
0x00007ff9833f0000 - 0x00007ff9833fa000 	C:\Users\UserK\.jdks\corretto-11.0.16.1\bin\dt_socket.dll
0x00007ff9ad9e0000 - 0x00007ff9ada47000 	C:\Windows\system32\mswsock.dll
0x00007ff97fc40000 - 0x00007ff97fc59000 	C:\Users\UserK\.jdks\corretto-11.0.16.1\bin\net.dll
0x00007ff9a9850000 - 0x00007ff9a9964000 	C:\Windows\SYSTEM32\WINHTTP.dll
0x00007ff97fc20000 - 0x00007ff97fc33000 	C:\Users\UserK\.jdks\corretto-11.0.16.1\bin\nio.dll
0x00007ff9ad0a0000 - 0x00007ff9ad188000 	C:\Windows\SYSTEM32\DNSAPI.dll
0x00007ff9ad070000 - 0x00007ff9ad09d000 	C:\Windows\SYSTEM32\IPHLPAPI.DLL
0x00007ff9b0170000 - 0x00007ff9b0179000 	C:\Windows\System32\NSI.dll
0x00007ff9a71c0000 - 0x00007ff9a71ca000 	C:\Windows\System32\rasadhlp.dll
0x00007ff9a7740000 - 0x00007ff9a77c1000 	C:\Windows\System32\fwpuclnt.dll
0x00007ff983c70000 - 0x00007ff983c79000 	C:\Users\UserK\.jdks\corretto-11.0.16.1\bin\management.dll
0x00007ff983440000 - 0x00007ff98344b000 	C:\Users\UserK\.jdks\corretto-11.0.16.1\bin\management_ext.dll
0x00007ff9adc30000 - 0x00007ff9adc48000 	C:\Windows\SYSTEM32\CRYPTSP.dll
0x00007ff9ad4a0000 - 0x00007ff9ad4d5000 	C:\Windows\system32\rsaenh.dll
0x00007ff9adad0000 - 0x00007ff9adaf9000 	C:\Windows\SYSTEM32\USERENV.dll
0x00007ff9addb0000 - 0x00007ff9addd7000 	C:\Windows\SYSTEM32\bcrypt.dll
0x00007ff9adc20000 - 0x00007ff9adc2c000 	C:\Windows\SYSTEM32\CRYPTBASE.dll
0x00007ff9a97c0000 - 0x00007ff9a97d9000 	C:\Windows\SYSTEM32\dhcpcsvc6.DLL
0x00007ff9a9bb0000 - 0x00007ff9a9bce000 	C:\Windows\SYSTEM32\dhcpcsvc.DLL
0x00007ff993ed0000 - 0x00007ff993ee7000 	C:\Windows\system32\napinsp.dll
0x00007ff993eb0000 - 0x00007ff993ecb000 	C:\Windows\system32\pnrpnsp.dll
0x00007ff993e90000 - 0x00007ff993ea2000 	C:\Windows\System32\winrnr.dll
0x00007ff993e70000 - 0x00007ff993e85000 	C:\Windows\system32\wshbth.dll
0x00007ff993e50000 - 0x00007ff993e6f000 	C:\Windows\system32\nlansp_c.dll
0x00007ff9833e0000 - 0x00007ff9833ee000 	C:\Users\UserK\.jdks\corretto-11.0.16.1\bin\sunmscapi.dll
0x00007ff9ae8b0000 - 0x00007ff9aea12000 	C:\Windows\System32\CRYPT32.dll
0x00007ff9add80000 - 0x00007ff9adda8000 	C:\Windows\SYSTEM32\ncrypt.dll
0x00007ff9add40000 - 0x00007ff9add77000 	C:\Windows\SYSTEM32\NTASN1.dll
0x00007ff9430a0000 - 0x00007ff9430c5000 	C:\Users\UserK\.jdks\corretto-11.0.16.1\bin\sunec.dll

dbghelp: loaded successfully - version: 4.0.5 - missing functions: none
symbol engine: initialized successfully - sym options: 0x614 - pdb path: .;C:\Users\UserK\.jdks\corretto-11.0.16.1\bin;C:\Windows\SYSTEM32;C:\Windows\WinSxS\amd64_microsoft.windows.common-controls_6595b64144ccf1df_6.0.22000.120_none_9d947278b86cc467;C:\Users\UserK\.jdks\corretto-11.0.16.1\bin\server

VM Arguments:
jvm_args: -agentlib:jdwp=transport=dt_socket,address=127.0.0.1:5512,suspend=y,server=n -XX:TieredStopAtLevel=1 -Xverify:none -Dspring.output.ansi.enabled=always -Dcom.sun.management.jmxremote -Dspring.jmx.enabled=true -Dspring.liveBeansView.mbeanDomain -Dspring.application.admin.enabled=true -javaagent:C:\Users\UserK\AppData\Local\JetBrains\IntelliJIdea2022.2\captureAgent\debugger-agent.jar -Dfile.encoding=UTF-8 
java_command: com.bitc.springteamproject1209.SpringTeamProject1209Application
java_class_path (initial): E:\coding\SpringTP\SpringTeamProject-04\build\classes\java\main;E:\coding\SpringTP\SpringTeamProject-04\build\resources\main;C:\Users\UserK\.gradle\caches\modules-2\files-2.1\org.springframework.boot\spring-boot-configuration-processor\2.7.6\ef52bd1c96c4b04f3fe6c72a6108a3bea24f966f\spring-boot-configuration-processor-2.7.6.jar;C:\Users\UserK\.gradle\caches\modules-2\files-2.1\org.projectlombok\lombok\1.18.24\13a394eed5c4f9efb2a6d956e2086f1d81e857d9\lombok-1.18.24.jar;C:\Users\UserK\.gradle\caches\modules-2\files-2.1\org.springframework.boot\spring-boot-starter-thymeleaf\2.7.6\18056127ee9253fbbb71d80e9dbd10827555ec27\spring-boot-starter-thymeleaf-2.7.6.jar;C:\Users\UserK\.gradle\caches\modules-2\files-2.1\org.springframework.boot\spring-boot-starter-web\2.7.6\9d0166a0390df593243bdc798ca7a1db20ddea9c\spring-boot-starter-web-2.7.6.jar;C:\Users\UserK\.gradle\caches\modules-2\files-2.1\com.github.pagehelper\pagehelper-spring-boot-starter\1.4.5\b9cf96aeff454115a29fd61163946422e17beff5\pagehelper-spring-boot-starter-1.4.5.jar;C:\Users\UserK\.gradle\caches\modules-2\files-2.1\org.mybatis.spring.boot\mybatis-spring-boot-starter\2.3.0\f4d9f73a2fb0adc56664c6febd66f98433fca7f5\mybatis-spring-boot-starter-2.3.0.jar;C:\Users\UserK\.gradle\caches\modules-2\files-2.1\org.json\json\20141113\c590c04911645db2f53b9bbefd5c3fcd8ca5581d\json-20141113.jar;C:\Users\UserK\.gradle\caches\modules-2\files-2.1\org.apache.tomcat.embed\tomcat-embed-jasper\9.0.69\725ca16025edbeedc1feff170242ab23e5e48feb\tomcat-embed-jasper-9.0.69.jar;C:\Users\UserK\.gradle\caches\modules-2\files-2.1\javax.servlet\jstl\1.2\74aca283cd4f4b4f3e425f5820cda58f44409547\jstl-1.2.jar;C:\Users\UserK\.gradle\caches\modules-2\files-2.1\com.googlecode.json-simple\json-simple\1.1.1\c9ad4a0850ab676c5c64461a05ca524cdfff59f1\json-simple-1.1.1.jar;C:\Users\UserK\.gradle\caches\modules-2\files-2.1\com.fasterxml.jackson.core\jackson-annotations\2.14.1\2a6ad504d591a7903ffdec76b5b7252819a2d162\jackson-annota
Launcher Type: SUN_STANDARD

[Global flags]
     bool BytecodeVerificationLocal                = false                                     {product} {command line}
     bool BytecodeVerificationRemote               = false                                     {product} {command line}
     intx CICompilerCount                          = 4                                         {product} {ergonomic}
     uint ConcGCThreads                            = 3                                         {product} {ergonomic}
     uint G1ConcRefinementThreads                  = 10                                        {product} {ergonomic}
   size_t G1HeapRegionSize                         = 2097152                                   {product} {ergonomic}
    uintx GCDrainStackTargetSize                   = 64                                        {product} {ergonomic}
   size_t InitialHeapSize                          = 536870912                                 {product} {ergonomic}
     bool ManagementServer                         = true                                      {product} {command line}
   size_t MarkStackSize                            = 4194304                                   {product} {ergonomic}
   size_t MaxHeapSize                              = 8571060224                                {product} {ergonomic}
   size_t MaxNewSize                               = 5142216704                                {product} {ergonomic}
   size_t MinHeapDeltaBytes                        = 2097152                                   {product} {ergonomic}
    uintx NonNMethodCodeHeapSize                   = 7549744                                {pd product} {ergonomic}
    uintx NonProfiledCodeHeapSize                  = 244108496                              {pd product} {ergonomic}
    uintx ProfiledCodeHeapSize                     = 0                                      {pd product} {ergonomic}
    uintx ReservedCodeCacheSize                    = 251658240                              {pd product} {ergonomic}
     bool SegmentedCodeCache                       = true                                      {product} {ergonomic}
     intx TieredStopAtLevel                        = 1                                         {product} {command line}
     bool UseCompressedClassPointers               = true                                 {lp64_product} {ergonomic}
     bool UseCompressedOops                        = true                                 {lp64_product} {ergonomic}
     bool UseG1GC                                  = true                                      {product} {ergonomic}
     bool UseLargePagesIndividualAllocation        = false                                  {pd product} {ergonomic}

Logging:
Log output configuration:
 #0: stdout all=warning uptime,level,tags
 #1: stderr all=off uptime,level,tags

Environment Variables:
PATH=C:\Program Files\Common Files\Oracle\Java\javapath;C:\Program Files (x86)\Razer Chroma SDK\bin;C:\Program Files\Razer Chroma SDK\bin;C:\Program Files (x86)\Razer\ChromaBroadcast\bin;C:\Program Files\Razer\ChromaBroadcast\bin;C:\Program Files\Google\Chrome\Application;C:\Windows\system32;C:\Windows;C:\Windows\System32\Wbem;C:\Windows\System32\WindowsPowerShell\v1.0\;C:\Windows\System32\OpenSSH\;C:\Program Files (x86)\NVIDIA Corporation\PhysX\Common;C:\Users\UserK\AppData\Local\Microsoft\WindowsApps;C:\Windows\system32\config\systemprofile\AppData\Local\Microsoft\WindowsApps;C:\Program Files\NVIDIA Corporation\NVIDIA NvDLISR;C:\Program Files\Bandizip\;E:\Git\cmd;C:\Program Files\MySQL\MySQL Shell 8.0\bin\;C:\Users\UserK\AppData\Local\Microsoft\WindowsApps;;F:\Microsoft VS Code\bin
USERNAME=UserK
OS=Windows_NT
PROCESSOR_IDENTIFIER=AMD64 Family 23 Model 113 Stepping 0, AuthenticAMD
TMP=C:\Users\UserK\AppData\Local\Temp
TEMP=C:\Users\UserK\AppData\Local\Temp



---------------  S Y S T E M  ---------------

OS: Windows 11 , 64 bit Build 22000 (10.0.22000.1219)
OS uptime: 0 days 2:39 hours

CPU:total 12 (initial active 12) (12 cores per cpu, 2 threads per core) family 23 model 113 stepping 0 microcode 0x0, cmov, cx8, fxsr, mmx, sse, sse2, sse3, ssse3, sse4.1, sse4.2, popcnt, avx, avx2, aes, clmul, mmxext, 3dnowpref, lzcnt, sse4a, ht, tsc, tscinvbit, tscinv, bmi1, bmi2, adx, sha, fma

Memory: 4k page, system-wide physical 32692M (15504M free)
TotalPageFile size 37556M (AvailPageFile size 12000M)
current process WorkingSet (physical memory assigned to process): 320M, peak: 320M
current process commit charge ("private bytes"): 797M, peak: 797M

vm_info: OpenJDK 64-Bit Server VM (11.0.16.1+9-LTS) for windows-amd64 JRE (11.0.16.1+9-LTS), built on Aug 12 2022 20:01:58 by "Administrator" with MS VC++ 15.9 (VS2017)

END.
