#
# A fatal error has been detected by the Java Runtime Environment:
#
#  EXCEPTION_ACCESS_VIOLATION (0xc0000005) at pc=0x00007ffd6aef9d8b, pid=9420, tid=12292
#
# JRE version: Java(TM) SE Runtime Environment 18.9 (11.0.13+10) (build 11.0.13+10-LTS-370)
# Java VM: Java HotSpot(TM) 64-Bit Server VM 18.9 (11.0.13+10-LTS-370, mixed mode, tiered, compressed oops, g1 gc, windows-amd64)
# Problematic frame:
# V  [jvm.dll+0x6a9d8b]
#
# No core dump will be written. Minidumps are not enabled by default on client versions of Windows
#
# If you would like to submit a bug report, please visit:
#   https://bugreport.java.com/bugreport/crash.jsp
#

---------------  S U M M A R Y ------------

Command Line: -agentlib:jdwp=transport=dt_socket,address=127.0.0.1:52683,suspend=y,server=n -XX:TieredStopAtLevel=1 -Xverify:none -Dspring.output.ansi.enabled=always -Dcom.sun.management.jmxremote -Dspring.jmx.enabled=true -Dspring.liveBeansView.mbeanDomain -Dspring.application.admin.enabled=true -javaagent:C:\Users\admin\AppData\Local\JetBrains\IntelliJIdea2022.2\captureAgent\debugger-agent.jar -Dfile.encoding=UTF-8 com.bitc.springteamproject1209.SpringTeamProject1209Application

Host: Intel(R) Core(TM) i5-4590 CPU @ 3.30GHz, 4 cores, 15G,  Windows 10 , 64 bit Build 19041 (10.0.19041.2364)
Time: Fri Dec 16 09:23:40 2022 대한민국 표준시 elapsed time: 1109.910038 seconds (0d 0h 18m 29s)

---------------  T H R E A D  ---------------

Current thread (0x000001cbd2ff5800):  VMThread "VM Thread" [stack: 0x0000009354c00000,0x0000009354d00000] [id=12292]

Stack: [0x0000009354c00000,0x0000009354d00000],  sp=0x0000009354cfed80,  free space=1019k
Native frames: (J=compiled Java code, j=interpreted, Vv=VM code, C=native code)
V  [jvm.dll+0x6a9d8b]
V  [jvm.dll+0x316513]
V  [jvm.dll+0x318215]
V  [jvm.dll+0x318b0e]
V  [jvm.dll+0x31636c]
V  [jvm.dll+0x3155a2]
V  [jvm.dll+0x617c85]
V  [jvm.dll+0x617a0d]
V  [jvm.dll+0x5df243]
V  [jvm.dll+0x4eda11]
V  [jvm.dll+0x76a07c]
V  [jvm.dll+0x7683f7]
V  [jvm.dll+0x768c30]
V  [jvm.dll+0x768f47]
V  [jvm.dll+0x720a54]
V  [jvm.dll+0x627606]
C  [ucrtbase.dll+0x21bb2]
C  [KERNEL32.DLL+0x17614]
C  [ntdll.dll+0x526a1]


siginfo: EXCEPTION_ACCESS_VIOLATION (0xc0000005), reading address 0x0000000000000006


Register to memory mapping:

RIP=0x00007ffd6aef9d8b jvm.dll
RAX=0x0000009354cfee20 points into unknown readable memory: 0x00000000460001d6 | d6 01 00 46 00 00 00 00
RBX=0x0000009354cfedf0 points into unknown readable memory: 0x00007ffd6b0be2d8 | d8 e2 0b 6b fd 7f 00 00
RCX=0x0 is NULL
RDX=0x0 is NULL
RSP=0x0000009354cfed80 points into unknown readable memory: 0x0000009354cfedf0 | f0 ed cf 54 93 00 00 00
RBP=0x0000009354cff340 points into unknown readable memory: 0x000001cbd38b0478 | 78 04 8b d3 cb 01 00 00
RSI=0x0 is NULL
RDI=0x0 is NULL
R8 =0x0 is NULL
R9 =0x000001cbd8f0c040 is pointing into metadata
R10=0x0 is NULL
R11=0x0000000047000000 is an unknown value
R12=0x000001cbd38b02a8 points into unknown readable memory: 0x00000100b8afc600 | 00 c6 af b8 00 01 00 00
R13=0x0000000000000118 is an unknown value
R14=0x000001cbd8f204d1 is pointing into metadata
R15=0x00000000000001ea is an unknown value


Registers:
RAX=0x0000009354cfee20, RBX=0x0000009354cfedf0, RCX=0x0000000000000000, RDX=0x0000000000000000
RSP=0x0000009354cfed80, RBP=0x0000009354cff340, RSI=0x0000000000000000, RDI=0x0000000000000000
R8 =0x0000000000000000, R9 =0x000001cbd8f0c040, R10=0x0000000000000000, R11=0x0000000047000000
R12=0x000001cbd38b02a8, R13=0x0000000000000118, R14=0x000001cbd8f204d1, R15=0x00000000000001ea
RIP=0x00007ffd6aef9d8b, EFLAGS=0x0000000000010246

Top of Stack: (sp=0x0000009354cfed80)
0x0000009354cfed80:   0000009354cfedf0 00007ffd6aa8661e
0x0000009354cfed90:   0000c45f975d411f 00007ffd6aefa31b
0x0000009354cfeda0:   00007ffdc5380000 0000009354cff2f8
0x0000009354cfedb0:   0000000000000000 00007ffd6ab66513
0x0000009354cfedc0:   0000000000000000 0000009354cff4b0
0x0000009354cfedd0:   0000009354cfee40 00007ffd6aa8661e
0x0000009354cfede0:   000001cbb0e02d70 0000000000000100
0x0000009354cfedf0:   00007ffd6b0be2d8 0000000000000000
0x0000009354cfee00:   0000000000000000 00007ffd0000000c
0x0000009354cfee10:   0000009354cfee20 0000009300000000
0x0000009354cfee20:   00000000460001d6 000001cbd38b036c
0x0000009354cfee30:   4fffffff4fffffff 00007ffd4fffffff
0x0000009354cfee40:   00007ffd6b0be2d8 000001cbd2f5aba0
0x0000009354cfee50:   0000000000000014 000000000000000e
0x0000009354cfee60:   0000009354cfee80 00007ffdc5392437
0x0000009354cfee70:   0000000000000000 00007ffdc546f0b0 

Instructions: (pc=0x00007ffd6aef9d8b)
0x00007ffd6aef9d6b:   cc cc cc cc cc 40 53 48 83 ec 30 c7 41 10 00 00
0x00007ffd6aef9d7b:   00 00 48 8b d9 48 89 7c 24 48 48 8b 79 08 33 c9
0x00007ffd6aef9d8b:   80 7f 06 28 74 30 44 8d 41 35 c7 44 24 20 28 00
0x00007ffd6aef9d9b:   00 00 b9 00 00 00 e0 4c 8d 0d 57 58 21 00 48 8d 


Stack slot to memory mapping:
stack at sp + 0 slots: 0x0000009354cfedf0 points into unknown readable memory: 0x00007ffd6b0be2d8 | d8 e2 0b 6b fd 7f 00 00
stack at sp + 1 slots: 0x00007ffd6aa8661e jvm.dll
stack at sp + 2 slots: 0x0000c45f975d411f is an unknown value
stack at sp + 3 slots: 0x00007ffd6aefa31b jvm.dll
stack at sp + 4 slots: 0x00007ffdc5380000 ucrtbase.dll
stack at sp + 5 slots: 0x0000009354cff2f8 points into unknown readable memory: 0x000001cbd8f2002b | 2b 00 f2 d8 cb 01 00 00
stack at sp + 6 slots: 0x0 is NULL
stack at sp + 7 slots: 0x00007ffd6ab66513 jvm.dll

VM_Operation (0x00000093555ff5c0): GetOrSetLocal, mode: safepoint, requested by thread 0x000001cbd3af0800


---------------  P R O C E S S  ---------------

Threads class SMR info:
_java_thread_list=0x000001cbd4358260, length=41, elements={
0x000001cbd2ffb000, 0x000001cbd2ffc800, 0x000001cbd3022000, 0x000001cbd3024000,
0x000001cbd3025000, 0x000001cbd302a000, 0x000001cbd3930000, 0x000001cbd3a6d800,
0x000001cbd3af0800, 0x000001cbd3b0a000, 0x000001cbd3b14800, 0x000001cbd40e1000,
0x000001cbd4fbf000, 0x000001cbd585b800, 0x000001cbd5e6f000, 0x000001cbd7b9b000,
0x000001cbd7b9c000, 0x000001cbd5e6d000, 0x000001cbd5e6e000, 0x000001cbd5e70800,
0x000001cbd5e6f800, 0x000001cbd7b9c800, 0x000001cbd7b9e800, 0x000001cbd7b9d800,
0x000001cbd5e71800, 0x000001cbd5e6c800, 0x000001cbd7b9f000, 0x000001cbd7b9a800,
0x000001cbd7ba3800, 0x000001cbd7ba4000, 0x000001cbd7ba1000, 0x000001cbd7ba5000,
0x000001cbd7ba5800, 0x000001cbd7ba1800, 0x000001cbd7ba0000, 0x000001cbd7ba6800,
0x000001cbd7ba8000, 0x000001cbd7ba9000, 0x000001cbd7ba7800, 0x000001cbd585d800,
0x000001cbd585c000
}

Java Threads: ( => current thread )
  0x000001cbd2ffb000 JavaThread "Reference Handler" daemon [_thread_blocked, id=14968, stack(0x0000009354d00000,0x0000009354e00000)]
  0x000001cbd2ffc800 JavaThread "Finalizer" daemon [_thread_blocked, id=568, stack(0x0000009354e00000,0x0000009354f00000)]
  0x000001cbd3022000 JavaThread "Signal Dispatcher" daemon [_thread_blocked, id=2244, stack(0x0000009354f00000,0x0000009355000000)]
  0x000001cbd3024000 JavaThread "Attach Listener" daemon [_thread_blocked, id=8868, stack(0x0000009355000000,0x0000009355100000)]
  0x000001cbd3025000 JavaThread "Service Thread" daemon [_thread_blocked, id=11140, stack(0x0000009355100000,0x0000009355200000)]
  0x000001cbd302a000 JavaThread "C1 CompilerThread0" daemon [_thread_blocked, id=15412, stack(0x0000009355200000,0x0000009355300000)]
  0x000001cbd3930000 JavaThread "Sweeper thread" daemon [_thread_blocked, id=15924, stack(0x0000009355300000,0x0000009355400000)]
  0x000001cbd3a6d800 JavaThread "Common-Cleaner" daemon [_thread_blocked, id=13276, stack(0x0000009355400000,0x0000009355500000)]
  0x000001cbd3af0800 JavaThread "JDWP Transport Listener: dt_socket" daemon [_thread_blocked, id=1724, stack(0x0000009355500000,0x0000009355600000)] _threads_hazard_ptr=0x000001cbd4358260
  0x000001cbd3b0a000 JavaThread "JDWP Event Helper Thread" daemon [_thread_blocked, id=8848, stack(0x0000009355600000,0x0000009355700000)]
  0x000001cbd3b14800 JavaThread "JDWP Command Reader" daemon [_thread_in_native, id=4680, stack(0x0000009355700000,0x0000009355800000)]
  0x000001cbd40e1000 JavaThread "RMI TCP Accept-0" daemon [_thread_in_native, id=14536, stack(0x0000009355c00000,0x0000009355d00000)]
  0x000001cbd4fbf000 JavaThread "RMI Scheduler(0)" daemon [_thread_blocked, id=9332, stack(0x0000009356100000,0x0000009356200000)]
  0x000001cbd585b800 JavaThread "mysql-cj-abandoned-connection-cleanup" daemon [_thread_blocked, id=15428, stack(0x0000009356500000,0x0000009356600000)]
  0x000001cbd5e6f000 JavaThread "Live Reload Server" daemon [_thread_in_native, id=14460, stack(0x0000009356b00000,0x0000009356c00000)]
  0x000001cbd7b9b000 JavaThread "DestroyJavaVM" [_thread_blocked, id=12092, stack(0x0000009354600000,0x0000009354700000)]
  0x000001cbd7b9c000 JavaThread "File Watcher" daemon [_thread_blocked, id=5316, stack(0x0000009355f00000,0x0000009356000000)]
  0x000001cbd5e6d000 JavaThread "File Watcher" daemon [_thread_blocked, id=824, stack(0x0000009356200000,0x0000009356300000)]
  0x000001cbd5e6e000 JavaThread "File Watcher" daemon [_thread_blocked, id=4700, stack(0x0000009354500000,0x0000009354600000)]
  0x000001cbd5e70800 JavaThread "File Watcher" daemon [_thread_blocked, id=6424, stack(0x0000009356000000,0x0000009356100000)]
  0x000001cbd5e6f800 JavaThread "File Watcher" daemon [_thread_blocked, id=7788, stack(0x0000009355e00000,0x0000009355f00000)]
  0x000001cbd7b9c800 JavaThread "File Watcher" daemon [_thread_blocked, id=796, stack(0x0000009354300000,0x0000009354400000)]
  0x000001cbd7b9e800 JavaThread "File Watcher" daemon [_thread_blocked, id=11524, stack(0x0000009356700000,0x0000009356800000)]
  0x000001cbd7b9d800 JavaThread "File Watcher" daemon [_thread_blocked, id=14008, stack(0x0000009356800000,0x0000009356900000)]
  0x000001cbd5e71800 JavaThread "Catalina-utility-1" [_thread_blocked, id=4052, stack(0x0000009356300000,0x0000009356400000)]
  0x000001cbd5e6c800 JavaThread "Catalina-utility-2" [_thread_in_Java, id=12176, stack(0x0000009356a00000,0x0000009356b00000)]
  0x000001cbd7b9f000 JavaThread "container-7" [_thread_blocked, id=13484, stack(0x0000009356d00000,0x0000009356e00000)]
  0x000001cbd7b9a800 JavaThread "HikariPool-6 housekeeper" daemon [_thread_blocked, id=4876, stack(0x0000009356e00000,0x0000009356f00000)]
  0x000001cbd7ba3800 JavaThread "File Watcher" daemon [_thread_blocked, id=7712, stack(0x0000009356f00000,0x0000009357000000)]
  0x000001cbd7ba4000 JavaThread "http-nio-8080-exec-1" daemon [_thread_blocked, id=11348, stack(0x0000009357100000,0x0000009357200000)]
  0x000001cbd7ba1000 JavaThread "http-nio-8080-exec-2" daemon [_thread_blocked, id=10828, stack(0x0000009357200000,0x0000009357300000)]
  0x000001cbd7ba5000 JavaThread "http-nio-8080-exec-3" daemon [_thread_blocked, id=13740, stack(0x0000009357300000,0x0000009357400000)]
  0x000001cbd7ba5800 JavaThread "http-nio-8080-exec-4" daemon [_thread_blocked, id=5736, stack(0x0000009357400000,0x0000009357500000)]
  0x000001cbd7ba1800 JavaThread "http-nio-8080-exec-5" daemon [_thread_blocked, id=13908, stack(0x0000009357500000,0x0000009357600000)]
  0x000001cbd7ba0000 JavaThread "http-nio-8080-exec-6" daemon [_thread_blocked, id=7080, stack(0x0000009357600000,0x0000009357700000)]
  0x000001cbd7ba6800 JavaThread "http-nio-8080-exec-7" daemon [_thread_blocked, id=7756, stack(0x0000009357700000,0x0000009357800000)]
  0x000001cbd7ba8000 JavaThread "http-nio-8080-exec-8" daemon [_thread_blocked, id=13504, stack(0x0000009357800000,0x0000009357900000)]
  0x000001cbd7ba9000 JavaThread "http-nio-8080-exec-9" daemon [_thread_blocked, id=16232, stack(0x0000009357900000,0x0000009357a00000)]
  0x000001cbd7ba7800 JavaThread "http-nio-8080-exec-10" daemon [_thread_blocked, id=9932, stack(0x0000009357a00000,0x0000009357b00000)]
  0x000001cbd585d800 JavaThread "http-nio-8080-Poller" daemon [_thread_blocked, id=13648, stack(0x0000009357b00000,0x0000009357c00000)]
  0x000001cbd585c000 JavaThread "http-nio-8080-Acceptor" daemon [_thread_blocked, id=560, stack(0x0000009357c00000,0x0000009357d00000)]

Other Threads:
=>0x000001cbd2ff5800 VMThread "VM Thread" [stack: 0x0000009354c00000,0x0000009354d00000] [id=12292]
  0x000001cbd40eb800 WatcherThread [stack: 0x0000009355d00000,0x0000009355e00000] [id=6012]
  0x000001cbb0e22000 GCTaskThread "GC Thread#0" [stack: 0x0000009354700000,0x0000009354800000] [id=11388]
  0x000001cbd40a6800 GCTaskThread "GC Thread#1" [stack: 0x0000009355800000,0x0000009355900000] [id=13384]
  0x000001cbd40a7000 GCTaskThread "GC Thread#2" [stack: 0x0000009355900000,0x0000009355a00000] [id=12536]
  0x000001cbd40a7800 GCTaskThread "GC Thread#3" [stack: 0x0000009355a00000,0x0000009355b00000] [id=12568]
  0x000001cbb0e7c800 ConcurrentGCThread "G1 Main Marker" [stack: 0x0000009354800000,0x0000009354900000] [id=11732]
  0x000001cbb0e7e000 ConcurrentGCThread "G1 Conc#0" [stack: 0x0000009354900000,0x0000009354a00000] [id=4020]
  0x000001cbd2edb000 ConcurrentGCThread "G1 Refine#0" [stack: 0x0000009354a00000,0x0000009354b00000] [id=14224]
  0x000001cbd3c28800 ConcurrentGCThread "G1 Refine#1" [stack: 0x0000009355b00000,0x0000009355c00000] [id=12896]
  0x000001cbd2edd000 ConcurrentGCThread "G1 Young RemSet Sampling" [stack: 0x0000009354b00000,0x0000009354c00000] [id=892]

Threads with active compile tasks:

VM state:at safepoint (normal execution)

VM Mutex/Monitor currently owned by a thread:  ([mutex/lock_event])
[0x000001cbb0e06d20] Threads_lock - owner thread: 0x000001cbd2ff5800

Heap address: 0x0000000702000000, size: 4064 MB, Compressed Oops mode: Zero based, Oop shift amount: 3
Narrow klass base: 0x0000000800000000, Narrow klass shift: 0
Compressed class space size: 1073741824 Address: 0x0000000800000000

Heap:
 garbage-first heap   total 65536K, used 25994K [0x0000000702000000, 0x0000000800000000)
  region size 1024K, 5 young (5120K), 2 survivors (2048K)
 Metaspace       used 52034K, capacity 54307K, committed 54448K, reserved 1095680K
  class space    used 6438K, capacity 7384K, committed 7424K, reserved 1048576K
Heap Regions: E=young(eden), S=young(survivor), O=old, HS=humongous(starts), HC=humongous(continues), CS=collection set, F=free, A=archive, TAMS=top-at-mark-start (previous, next)
|   0|0x0000000702000000, 0x0000000702100000, 0x0000000702100000|100%| O|  |TAMS 0x0000000702000000, 0x0000000702000000| Untracked 
|   1|0x0000000702100000, 0x0000000702200000, 0x0000000702200000|100%| O|  |TAMS 0x0000000702100000, 0x0000000702100000| Untracked 
|   2|0x0000000702200000, 0x00000007022fffd8, 0x0000000702300000| 99%| O|  |TAMS 0x0000000702200000, 0x0000000702200000| Untracked 
|   3|0x0000000702300000, 0x00000007023ff3e8, 0x0000000702400000| 99%| O|  |TAMS 0x0000000702300000, 0x0000000702300000| Untracked 
|   4|0x0000000702400000, 0x00000007024ffff8, 0x0000000702500000| 99%| O|  |TAMS 0x0000000702400000, 0x0000000702400000| Untracked 
|   5|0x0000000702500000, 0x00000007025fffe8, 0x0000000702600000| 99%| O|  |TAMS 0x0000000702500000, 0x0000000702500000| Untracked 
|   6|0x0000000702600000, 0x00000007026fffe0, 0x0000000702700000| 99%| O|  |TAMS 0x0000000702600000, 0x0000000702600000| Untracked 
|   7|0x0000000702700000, 0x00000007027fffd8, 0x0000000702800000| 99%| O|  |TAMS 0x0000000702700000, 0x0000000702700000| Untracked 
|   8|0x0000000702800000, 0x00000007028fff90, 0x0000000702900000| 99%| O|  |TAMS 0x0000000702800000, 0x0000000702800000| Untracked 
|   9|0x0000000702900000, 0x00000007029fffe8, 0x0000000702a00000| 99%| O|  |TAMS 0x0000000702900000, 0x0000000702900000| Untracked 
|  10|0x0000000702a00000, 0x0000000702afffe0, 0x0000000702b00000| 99%| O|  |TAMS 0x0000000702a00000, 0x0000000702a00000| Untracked 
|  11|0x0000000702b00000, 0x0000000702c00000, 0x0000000702c00000|100%| O|  |TAMS 0x0000000702b00000, 0x0000000702b00000| Untracked 
|  12|0x0000000702c00000, 0x0000000702cfffe0, 0x0000000702d00000| 99%| O|  |TAMS 0x0000000702c00000, 0x0000000702c00000| Untracked 
|  13|0x0000000702d00000, 0x0000000702dffbb0, 0x0000000702e00000| 99%| O|  |TAMS 0x0000000702d00000, 0x0000000702d00000| Untracked 
|  14|0x0000000702e00000, 0x0000000702effff8, 0x0000000702f00000| 99%| O|  |TAMS 0x0000000702e00000, 0x0000000702e00000| Untracked 
|  15|0x0000000702f00000, 0x0000000702fffff8, 0x0000000703000000| 99%| O|  |TAMS 0x0000000702f00000, 0x0000000702f00000| Untracked 
|  16|0x0000000703000000, 0x00000007030ffff0, 0x0000000703100000| 99%| O|  |TAMS 0x0000000703000000, 0x0000000703000000| Untracked 
|  17|0x0000000703100000, 0x00000007031579b0, 0x0000000703200000| 34%| O|  |TAMS 0x0000000703100000, 0x0000000703100000| Untracked 
|  18|0x0000000703200000, 0x00000007032ffff0, 0x0000000703300000| 99%| O|  |TAMS 0x0000000703200000, 0x0000000703200000| Untracked 
|  19|0x0000000703300000, 0x00000007033aba90, 0x0000000703400000| 67%| O|  |TAMS 0x0000000703300000, 0x0000000703300000| Untracked 
|  20|0x0000000703400000, 0x0000000703500000, 0x0000000703500000|100%| O|  |TAMS 0x0000000703400000, 0x0000000703400000| Untracked 
|  21|0x0000000703500000, 0x0000000703600000, 0x0000000703600000|100%| O|  |TAMS 0x0000000703500000, 0x0000000703500000| Untracked 
|  22|0x0000000703600000, 0x0000000703600000, 0x0000000703700000|  0%| F|  |TAMS 0x0000000703600000, 0x0000000703600000| Untracked 
|  23|0x0000000703700000, 0x0000000703700000, 0x0000000703800000|  0%| F|  |TAMS 0x0000000703700000, 0x0000000703700000| Untracked 
|  24|0x0000000703800000, 0x0000000703800000, 0x0000000703900000|  0%| F|  |TAMS 0x0000000703800000, 0x0000000703800000| Untracked 
|  25|0x0000000703900000, 0x0000000703900000, 0x0000000703a00000|  0%| F|  |TAMS 0x0000000703900000, 0x0000000703900000| Untracked 
|  26|0x0000000703a00000, 0x0000000703a00000, 0x0000000703b00000|  0%| F|  |TAMS 0x0000000703a00000, 0x0000000703a00000| Untracked 
|  27|0x0000000703b00000, 0x0000000703b00000, 0x0000000703c00000|  0%| F|  |TAMS 0x0000000703b00000, 0x0000000703b00000| Untracked 
|  28|0x0000000703c00000, 0x0000000703c00000, 0x0000000703d00000|  0%| F|  |TAMS 0x0000000703c00000, 0x0000000703c00000| Untracked 
|  29|0x0000000703d00000, 0x0000000703d00000, 0x0000000703e00000|  0%| F|  |TAMS 0x0000000703d00000, 0x0000000703d00000| Untracked 
|  30|0x0000000703e00000, 0x0000000703e00000, 0x0000000703f00000|  0%| F|  |TAMS 0x0000000703e00000, 0x0000000703e00000| Untracked 
|  31|0x0000000703f00000, 0x0000000703f00000, 0x0000000704000000|  0%| F|  |TAMS 0x0000000703f00000, 0x0000000703f00000| Untracked 
|  32|0x0000000704000000, 0x0000000704000000, 0x0000000704100000|  0%| F|  |TAMS 0x0000000704000000, 0x0000000704000000| Untracked 
|  33|0x0000000704100000, 0x0000000704100000, 0x0000000704200000|  0%| F|  |TAMS 0x0000000704100000, 0x0000000704100000| Untracked 
|  34|0x0000000704200000, 0x0000000704300000, 0x0000000704300000|100%| S|CS|TAMS 0x0000000704200000, 0x0000000704200000| Complete 
|  35|0x0000000704300000, 0x0000000704400000, 0x0000000704400000|100%| S|CS|TAMS 0x0000000704300000, 0x0000000704300000| Complete 
|  36|0x0000000704400000, 0x0000000704460750, 0x0000000704500000| 37%| O|  |TAMS 0x0000000704400000, 0x0000000704400000| Untracked 
|  37|0x0000000704500000, 0x0000000704500000, 0x0000000704600000|  0%| F|  |TAMS 0x0000000704500000, 0x0000000704500000| Untracked 
|  38|0x0000000704600000, 0x0000000704600000, 0x0000000704700000|  0%| F|  |TAMS 0x0000000704600000, 0x0000000704600000| Untracked 
|  39|0x0000000704700000, 0x0000000704700000, 0x0000000704800000|  0%| F|  |TAMS 0x0000000704700000, 0x0000000704700000| Untracked 
|  40|0x0000000704800000, 0x0000000704800000, 0x0000000704900000|  0%| F|  |TAMS 0x0000000704800000, 0x0000000704800000| Untracked 
|  41|0x0000000704900000, 0x0000000704900000, 0x0000000704a00000|  0%| F|  |TAMS 0x0000000704900000, 0x0000000704900000| Untracked 
|  42|0x0000000704a00000, 0x0000000704a00000, 0x0000000704b00000|  0%| F|  |TAMS 0x0000000704a00000, 0x0000000704a00000| Untracked 
|  43|0x0000000704b00000, 0x0000000704b00000, 0x0000000704c00000|  0%| F|  |TAMS 0x0000000704b00000, 0x0000000704b00000| Untracked 
|  44|0x0000000704c00000, 0x0000000704c00000, 0x0000000704d00000|  0%| F|  |TAMS 0x0000000704c00000, 0x0000000704c00000| Untracked 
|  45|0x0000000704d00000, 0x0000000704d00000, 0x0000000704e00000|  0%| F|  |TAMS 0x0000000704d00000, 0x0000000704d00000| Untracked 
|  46|0x0000000704e00000, 0x0000000704e00000, 0x0000000704f00000|  0%| F|  |TAMS 0x0000000704e00000, 0x0000000704e00000| Untracked 
|  47|0x0000000704f00000, 0x0000000704f00000, 0x0000000705000000|  0%| F|  |TAMS 0x0000000704f00000, 0x0000000704f00000| Untracked 
|  48|0x0000000705000000, 0x0000000705000000, 0x0000000705100000|  0%| F|  |TAMS 0x0000000705000000, 0x0000000705000000| Untracked 
|  49|0x0000000705100000, 0x0000000705100000, 0x0000000705200000|  0%| F|  |TAMS 0x0000000705100000, 0x0000000705100000| Untracked 
|  50|0x0000000705200000, 0x0000000705200000, 0x0000000705300000|  0%| F|  |TAMS 0x0000000705200000, 0x0000000705200000| Untracked 
|  51|0x0000000705300000, 0x0000000705300000, 0x0000000705400000|  0%| F|  |TAMS 0x0000000705300000, 0x0000000705300000| Untracked 
|  52|0x0000000705400000, 0x0000000705400000, 0x0000000705500000|  0%| F|  |TAMS 0x0000000705400000, 0x0000000705400000| Untracked 
|  53|0x0000000705500000, 0x0000000705500000, 0x0000000705600000|  0%| F|  |TAMS 0x0000000705500000, 0x0000000705500000| Untracked 
|  54|0x0000000705600000, 0x0000000705600000, 0x0000000705700000|  0%| F|  |TAMS 0x0000000705600000, 0x0000000705600000| Untracked 
|  55|0x0000000705700000, 0x0000000705700000, 0x0000000705800000|  0%| F|  |TAMS 0x0000000705700000, 0x0000000705700000| Untracked 
|  56|0x0000000705800000, 0x0000000705800000, 0x0000000705900000|  0%| F|  |TAMS 0x0000000705800000, 0x0000000705800000| Untracked 
|  57|0x0000000705900000, 0x0000000705900000, 0x0000000705a00000|  0%| F|  |TAMS 0x0000000705900000, 0x0000000705900000| Untracked 
|  58|0x0000000705a00000, 0x0000000705a00000, 0x0000000705b00000|  0%| F|  |TAMS 0x0000000705a00000, 0x0000000705a00000| Untracked 
|  59|0x0000000705b00000, 0x0000000705b00000, 0x0000000705c00000|  0%| F|  |TAMS 0x0000000705b00000, 0x0000000705b00000| Untracked 
|  60|0x0000000705c00000, 0x0000000705c00000, 0x0000000705d00000|  0%| F|  |TAMS 0x0000000705c00000, 0x0000000705c00000| Untracked 
|  61|0x0000000705d00000, 0x0000000705d55738, 0x0000000705e00000| 33%| E|  |TAMS 0x0000000705d00000, 0x0000000705d00000| Complete 
| 136|0x000000070a800000, 0x000000070a900000, 0x000000070a900000|100%| E|CS|TAMS 0x000000070a800000, 0x000000070a800000| Complete 
| 138|0x000000070aa00000, 0x000000070ab00000, 0x000000070ab00000|100%| E|CS|TAMS 0x000000070aa00000, 0x000000070aa00000| Complete 

Card table byte_map: [0x000001cbc7c20000,0x000001cbc8410000] _byte_map_base: 0x000001cbc4410000

Marking Bits (Prev, Next): (CMBitMap*) 0x000001cbb0e6bda8, (CMBitMap*) 0x000001cbb0e6bde0
 Prev Bits: [0x000001cbc8c00000, 0x000001cbccb80000)
 Next Bits: [0x000001cbccb80000, 0x000001cbd0b00000)

Polling page: 0x000001cbaece0000

Metaspace:

Usage:
  Non-class:     45.82 MB capacity,    44.53 MB ( 97%) used,     1.10 MB (  2%) free+waste,   202.31 KB ( <1%) overhead. 
      Class:      7.21 MB capacity,     6.29 MB ( 87%) used,   842.58 KB ( 11%) free+waste,   102.50 KB (  1%) overhead. 
       Both:     53.03 MB capacity,    50.81 MB ( 96%) used,     1.92 MB (  4%) free+waste,   304.81 KB ( <1%) overhead. 

Virtual space:
  Non-class space:       46.00 MB reserved,      45.92 MB (>99%) committed 
      Class space:        1.00 GB reserved,       7.25 MB ( <1%) committed 
             Both:        1.04 GB reserved,      53.17 MB (  5%) committed 

Chunk freelists:
   Non-Class:  4.63 KB
       Class:  1.00 KB
        Both:  5.63 KB

CodeHeap 'non-profiled nmethods': size=238912Kb used=14865Kb max_used=14865Kb free=224046Kb
 bounds [0x000001cbb8ae0000, 0x000001cbb9970000, 0x000001cbc7430000]
CodeHeap 'non-nmethods': size=6848Kb used=1310Kb max_used=1310Kb free=5537Kb
 bounds [0x000001cbb8430000, 0x000001cbb86a0000, 0x000001cbb8ae0000]
 total_blobs=8883 nmethods=8298 adapters=517
 compilation: enabled
              stopped_count=0, restarted_count=0
 full_count=0

Compilation events (10 events):
Event: 767.706 Thread 0x000001cbd302a000 8295       1       com.fasterxml.jackson.databind.cfg.BaseSettings::getTypeFactory (5 bytes)
Event: 767.706 Thread 0x000001cbd302a000 nmethod 8295 0x000001cbb9963410 code [0x000001cbb99635a0, 0x000001cbb9963658]
Event: 767.706 Thread 0x000001cbd302a000 8296       1       com.fasterxml.jackson.databind.cfg.MapperConfigBase::findMixInClassFor (9 bytes)
Event: 767.707 Thread 0x000001cbd302a000 nmethod 8296 0x000001cbb9963710 code [0x000001cbb99638a0, 0x000001cbb9963988]
Event: 767.707 Thread 0x000001cbd302a000 8297       1       com.fasterxml.jackson.databind.introspect.SimpleMixInResolver::findMixInClassFor (56 bytes)
Event: 767.708 Thread 0x000001cbd302a000 nmethod 8297 0x000001cbb9963a90 code [0x000001cbb9963c60, 0x000001cbb9963fd8]
Event: 767.708 Thread 0x000001cbd302a000 8299       1       com.fasterxml.jackson.databind.DeserializationContext::getConfig (5 bytes)
Event: 767.708 Thread 0x000001cbd302a000 nmethod 8299 0x000001cbb9964190 code [0x000001cbb9964320, 0x000001cbb99643d8]
Event: 767.708 Thread 0x000001cbd302a000 8298       1       com.fasterxml.jackson.databind.introspect.BasicBeanDescription::getClassInfo (5 bytes)
Event: 767.709 Thread 0x000001cbd302a000 nmethod 8298 0x000001cbb9964490 code [0x000001cbb9964620, 0x000001cbb99646d8]

GC Heap History (10 events):
Event: 763.836 GC heap before
{Heap before GC invocations=42 (full 4):
 garbage-first heap   total 65536K, used 44429K [0x0000000702000000, 0x0000000800000000)
  region size 1024K, 23 young (23552K), 2 survivors (2048K)
 Metaspace       used 51559K, capacity 53862K, committed 54064K, reserved 1095680K
  class space    used 6369K, capacity 7278K, committed 7296K, reserved 1048576K
}
Event: 763.871 GC heap after
{Heap after GC invocations=43 (full 5):
 garbage-first heap   total 65536K, used 19850K [0x0000000702000000, 0x0000000800000000)
  region size 1024K, 0 young (0K), 0 survivors (0K)
 Metaspace       used 51557K, capacity 53856K, committed 54064K, reserved 1095680K
  class space    used 6369K, capacity 7276K, committed 7296K, reserved 1048576K
}
Event: 764.164 GC heap before
{Heap before GC invocations=43 (full 5):
 garbage-first heap   total 65536K, used 48522K [0x0000000702000000, 0x0000000800000000)
  region size 1024K, 29 young (29696K), 0 survivors (0K)
 Metaspace       used 51586K, capacity 53942K, committed 54064K, reserved 1095680K
  class space    used 6374K, capacity 7282K, committed 7296K, reserved 1048576K
}
Event: 764.166 GC heap after
{Heap after GC invocations=44 (full 5):
 garbage-first heap   total 65536K, used 21638K [0x0000000702000000, 0x0000000800000000)
  region size 1024K, 2 young (2048K), 2 survivors (2048K)
 Metaspace       used 51586K, capacity 53942K, committed 54064K, reserved 1095680K
  class space    used 6374K, capacity 7282K, committed 7296K, reserved 1048576K
}
Event: 764.386 GC heap before
{Heap before GC invocations=44 (full 5):
 garbage-first heap   total 65536K, used 50310K [0x0000000702000000, 0x0000000800000000)
  region size 1024K, 30 young (30720K), 2 survivors (2048K)
 Metaspace       used 51621K, capacity 53982K, committed 54192K, reserved 1095680K
  class space    used 6378K, capacity 7317K, committed 7424K, reserved 1048576K
}
Event: 764.389 GC heap after
{Heap after GC invocations=45 (full 5):
 garbage-first heap   total 65536K, used 22716K [0x0000000702000000, 0x0000000800000000)
  region size 1024K, 3 young (3072K), 3 survivors (3072K)
 Metaspace       used 51621K, capacity 53982K, committed 54192K, reserved 1095680K
  class space    used 6378K, capacity 7317K, committed 7424K, reserved 1048576K
}
Event: 764.600 GC heap before
{Heap before GC invocations=45 (full 5):
 garbage-first heap   total 65536K, used 50364K [0x0000000702000000, 0x0000000800000000)
  region size 1024K, 31 young (31744K), 3 survivors (3072K)
 Metaspace       used 51636K, capacity 53982K, committed 54192K, reserved 1095680K
  class space    used 6380K, capacity 7317K, committed 7424K, reserved 1048576K
}
Event: 764.604 GC heap after
{Heap after GC invocations=46 (full 5):
 garbage-first heap   total 65536K, used 23533K [0x0000000702000000, 0x0000000800000000)
  region size 1024K, 3 young (3072K), 3 survivors (3072K)
 Metaspace       used 51636K, capacity 53982K, committed 54192K, reserved 1095680K
  class space    used 6380K, capacity 7317K, committed 7424K, reserved 1048576K
}
Event: 766.861 GC heap before
{Heap before GC invocations=46 (full 5):
 garbage-first heap   total 65536K, used 51181K [0x0000000702000000, 0x0000000800000000)
  region size 1024K, 30 young (30720K), 3 survivors (3072K)
 Metaspace       used 51636K, capacity 53982K, committed 54192K, reserved 1095680K
  class space    used 6380K, capacity 7317K, committed 7424K, reserved 1048576K
}
Event: 766.870 GC heap after
{Heap after GC invocations=47 (full 5):
 garbage-first heap   total 65536K, used 23946K [0x0000000702000000, 0x0000000800000000)
  region size 1024K, 2 young (2048K), 2 survivors (2048K)
 Metaspace       used 51636K, capacity 53982K, committed 54192K, reserved 1095680K
  class space    used 6380K, capacity 7317K, committed 7424K, reserved 1048576K
}

Deoptimization events (0 events):
No events

Classes redefined (10 events):
Event: 1109.545 Thread 0x000001cbd2ff5800 redefined class name=com.bitc.springteamproject1209.SpringTeamProject1209Application, count=2
Event: 1109.576 Thread 0x000001cbd2ff5800 redefined class name=com.bitc.springteamproject1209.SpringTeamProject1209Application, count=1
Event: 1109.608 Thread 0x000001cbd2ff5800 redefined class name=com.bitc.springteamproject1209.SpringTeamProject1209Application, count=1
Event: 1109.639 Thread 0x000001cbd2ff5800 redefined class name=com.bitc.springteamproject1209.SpringTeamProject1209Application, count=1
Event: 1109.673 Thread 0x000001cbd2ff5800 redefined class name=com.bitc.springteamproject1209.dto.SinPharmarcyDto, count=3
Event: 1109.705 Thread 0x000001cbd2ff5800 redefined class name=com.bitc.springteamproject1209.dto.SinPharmarcyDto, count=3
Event: 1109.736 Thread 0x000001cbd2ff5800 redefined class name=com.bitc.springteamproject1209.dto.SinPharmarcyDto, count=1
Event: 1109.769 Thread 0x000001cbd2ff5800 redefined class name=com.bitc.springteamproject1209.dto.SinPharmarcyDto, count=1
Event: 1109.800 Thread 0x000001cbd2ff5800 redefined class name=com.bitc.springteamproject1209.dto.SinPharmarcyDto, count=1
Event: 1109.833 Thread 0x000001cbd2ff5800 redefined class name=com.bitc.springteamproject1209.dto.SinPharmarcyDto, count=1

Internal exceptions (10 events):
Event: 764.183 Thread 0x000001cbd5e6b800 Exception <a 'java/lang/NoClassDefFoundError'{0x000000070a8254b0}: org/quartz/Scheduler> (0x000000070a8254b0) thrown at [./open/src/hotspot/share/oops/constantPool.cpp, line 770]
Event: 764.183 Thread 0x000001cbd5e6b800 Exception <a 'java/lang/NoClassDefFoundError'{0x000000070a8257e8}: org/springframework/session/jdbc/JdbcIndexedSessionRepository> (0x000000070a8257e8) thrown at [./open/src/hotspot/share/oops/constantPool.cpp, line 770]
Event: 764.185 Thread 0x000001cbd5e6b800 Exception <a 'java/lang/NoClassDefFoundError'{0x000000070a8591e8}: org/jooq/DSLContext> (0x000000070a8591e8) thrown at [./open/src/hotspot/share/oops/constantPool.cpp, line 770]
Event: 764.185 Thread 0x000001cbd5e6b800 Exception <a 'java/lang/NoClassDefFoundError'{0x000000070a85a4b0}: javax/persistence/EntityManagerFactory> (0x000000070a85a4b0) thrown at [./open/src/hotspot/share/oops/constantPool.cpp, line 770]
Event: 764.217 Thread 0x000001cbd5e6b800 Exception <a 'sun/nio/fs/WindowsException'{0x000000070568a158}> (0x000000070568a158) thrown at [./open/src/hotspot/share/prims/jni.cpp, line 611]
Event: 764.217 Thread 0x000001cbd5e6b800 Exception <a 'sun/nio/fs/WindowsException'{0x000000070568a7c0}> (0x000000070568a7c0) thrown at [./open/src/hotspot/share/prims/jni.cpp, line 611]
Event: 764.217 Thread 0x000001cbd5e6b800 Exception <a 'sun/nio/fs/WindowsException'{0x000000070568ae98}> (0x000000070568ae98) thrown at [./open/src/hotspot/share/prims/jni.cpp, line 611]
Event: 764.224 Thread 0x000001cbd5e6b800 Exception <a 'java/io/FileNotFoundException'{0x00000007056cb960}> (0x00000007056cb960) thrown at [./open/src/hotspot/share/prims/jni.cpp, line 611]
Event: 764.225 Thread 0x000001cbd5e6b800 Exception <a 'java/io/FileNotFoundException'{0x00000007056cd118}> (0x00000007056cd118) thrown at [./open/src/hotspot/share/prims/jni.cpp, line 611]
Event: 764.273 Thread 0x000001cbd5e6b800 Exception <a 'java/io/FileNotFoundException'{0x0000000704a78510}> (0x0000000704a78510) thrown at [./open/src/hotspot/share/prims/jni.cpp, line 611]

Events (10 events):
Event: 1109.889 Executing VM operation: ChangeBreakpoints done
Event: 1109.889 Executing VM operation: ChangeBreakpoints
Event: 1109.892 Executing VM operation: ChangeBreakpoints done
Event: 1109.893 Executing VM operation: GetFrameCount
Event: 1109.893 Executing VM operation: GetFrameCount done
Event: 1109.893 Executing VM operation: GetStackTrace
Event: 1109.893 Executing VM operation: GetStackTrace done
Event: 1109.901 Executing VM operation: GetFrameLocation
Event: 1109.901 Executing VM operation: GetFrameLocation done
Event: 1109.901 Executing VM operation: GetOrSetLocal


Dynamic libraries:
0x00007ff6e4a90000 - 0x00007ff6e4a9f000 	C:\Program Files\Java\jdk-11.0.13\bin\java.exe
0x00007ffdc75f0000 - 0x00007ffdc77e8000 	C:\Windows\SYSTEM32\ntdll.dll
0x00007ffdc5760000 - 0x00007ffdc581f000 	C:\Windows\System32\KERNEL32.DLL
0x00007ffdc4de0000 - 0x00007ffdc50b2000 	C:\Windows\System32\KERNELBASE.dll
0x00007ffdc5380000 - 0x00007ffdc5480000 	C:\Windows\System32\ucrtbase.dll
0x00007ffdbff30000 - 0x00007ffdbff45000 	C:\Program Files\Java\jdk-11.0.13\bin\VCRUNTIME140.dll
0x00007ffdba150000 - 0x00007ffdba168000 	C:\Program Files\Java\jdk-11.0.13\bin\jli.dll
0x00007ffdc7500000 - 0x00007ffdc75ae000 	C:\Windows\System32\ADVAPI32.dll
0x00007ffdc6160000 - 0x00007ffdc61fe000 	C:\Windows\System32\msvcrt.dll
0x00007ffdc60c0000 - 0x00007ffdc615c000 	C:\Windows\System32\sechost.dll
0x00007ffdc5630000 - 0x00007ffdc5755000 	C:\Windows\System32\RPCRT4.dll
0x00007ffdc5820000 - 0x00007ffdc59c1000 	C:\Windows\System32\USER32.dll
0x00007ffdc5600000 - 0x00007ffdc5622000 	C:\Windows\System32\win32u.dll
0x00007ffdc5de0000 - 0x00007ffdc5e0b000 	C:\Windows\System32\GDI32.dll
0x00007ffdc5480000 - 0x00007ffdc558f000 	C:\Windows\System32\gdi32full.dll
0x00007ffdb1090000 - 0x00007ffdb132a000 	C:\Windows\WinSxS\amd64_microsoft.windows.common-controls_6595b64144ccf1df_6.0.19041.1110_none_60b5254171f9507e\COMCTL32.dll
0x00007ffdc52e0000 - 0x00007ffdc537d000 	C:\Windows\System32\msvcp_win.dll
0x00007ffdba9f0000 - 0x00007ffdba9fa000 	C:\Windows\SYSTEM32\VERSION.dll
0x00007ffdc5da0000 - 0x00007ffdc5dd2000 	C:\Windows\System32\IMM32.DLL
0x00007ffdb58b0000 - 0x00007ffdb594b000 	C:\Program Files\Java\jdk-11.0.13\bin\msvcp140.dll
0x00007ffd6a850000 - 0x00007ffd6b363000 	C:\Program Files\Java\jdk-11.0.13\bin\server\jvm.dll
0x00007ffdc62f0000 - 0x00007ffdc62f8000 	C:\Windows\System32\PSAPI.DLL
0x00007ffdba130000 - 0x00007ffdba139000 	C:\Windows\SYSTEM32\WSOCK32.dll
0x00007ffdc6280000 - 0x00007ffdc62eb000 	C:\Windows\System32\WS2_32.dll
0x00007ffdb3ab0000 - 0x00007ffdb3ad7000 	C:\Windows\SYSTEM32\WINMM.dll
0x00007ffdc2bc0000 - 0x00007ffdc2bd2000 	C:\Windows\SYSTEM32\kernel.appcore.dll
0x00007ffdc24d0000 - 0x00007ffdc24e0000 	C:\Program Files\Java\jdk-11.0.13\bin\verify.dll
0x00007ffdb6dc0000 - 0x00007ffdb6fa4000 	C:\Windows\SYSTEM32\DBGHELP.DLL
0x00007ffdb6940000 - 0x00007ffdb6975000 	C:\Windows\SYSTEM32\dbgcore.DLL
0x00007ffdc5250000 - 0x00007ffdc52d2000 	C:\Windows\System32\bcryptPrimitives.dll
0x00007ffdb96b0000 - 0x00007ffdb96d8000 	C:\Program Files\Java\jdk-11.0.13\bin\java.dll
0x00007ffdba140000 - 0x00007ffdba14a000 	C:\Program Files\Java\jdk-11.0.13\bin\jimage.dll
0x00007ffdbc610000 - 0x00007ffdbc648000 	C:\Program Files\Java\jdk-11.0.13\bin\jdwp.dll
0x00007ffdc2500000 - 0x00007ffdc250e000 	C:\Program Files\Java\jdk-11.0.13\bin\instrument.dll
0x00007ffdb9690000 - 0x00007ffdb96a6000 	C:\Program Files\Java\jdk-11.0.13\bin\zip.dll
0x00007ffdc6ad0000 - 0x00007ffdc7214000 	C:\Windows\System32\SHELL32.dll
0x00007ffdc2dc0000 - 0x00007ffdc3552000 	C:\Windows\SYSTEM32\windows.storage.dll
0x00007ffdc59d0000 - 0x00007ffdc5d25000 	C:\Windows\System32\combase.dll
0x00007ffdc4660000 - 0x00007ffdc4690000 	C:\Windows\SYSTEM32\Wldp.dll
0x00007ffdc7220000 - 0x00007ffdc72cd000 	C:\Windows\System32\SHCORE.dll
0x00007ffdc63e0000 - 0x00007ffdc6435000 	C:\Windows\System32\shlwapi.dll
0x00007ffdc4c20000 - 0x00007ffdc4c3f000 	C:\Windows\SYSTEM32\profapi.dll
0x00007ffdc24c0000 - 0x00007ffdc24ca000 	C:\Program Files\Java\jdk-11.0.13\bin\dt_socket.dll
0x00007ffdc43c0000 - 0x00007ffdc442a000 	C:\Windows\system32\mswsock.dll
0x00007ffdb9670000 - 0x00007ffdb9689000 	C:\Program Files\Java\jdk-11.0.13\bin\net.dll
0x00007ffdbe2b0000 - 0x00007ffdbe3bc000 	C:\Windows\SYSTEM32\WINHTTP.dll
0x00007ffdb5890000 - 0x00007ffdb58a2000 	C:\Program Files\Java\jdk-11.0.13\bin\nio.dll
0x00007ffdc40f0000 - 0x00007ffdc41ba000 	C:\Windows\SYSTEM32\DNSAPI.dll
0x00007ffdc40b0000 - 0x00007ffdc40eb000 	C:\Windows\SYSTEM32\IPHLPAPI.DLL
0x00007ffdc5d30000 - 0x00007ffdc5d38000 	C:\Windows\System32\NSI.dll
0x00007ffdbc340000 - 0x00007ffdbc34a000 	C:\Windows\System32\rasadhlp.dll
0x00007ffdbc1b0000 - 0x00007ffdbc230000 	C:\Windows\System32\fwpuclnt.dll
0x00007ffdc50c0000 - 0x00007ffdc50e7000 	C:\Windows\System32\bcrypt.dll
0x00007ffdc0900000 - 0x00007ffdc0909000 	C:\Program Files\Java\jdk-11.0.13\bin\management.dll
0x00007ffdb8070000 - 0x00007ffdb807b000 	C:\Program Files\Java\jdk-11.0.13\bin\management_ext.dll
0x00007ffdc45c0000 - 0x00007ffdc45d8000 	C:\Windows\SYSTEM32\CRYPTSP.dll
0x00007ffdc3ce0000 - 0x00007ffdc3d14000 	C:\Windows\system32\rsaenh.dll
0x00007ffdc4be0000 - 0x00007ffdc4c0e000 	C:\Windows\SYSTEM32\USERENV.dll
0x00007ffdc45b0000 - 0x00007ffdc45bc000 	C:\Windows\SYSTEM32\CRYPTBASE.dll
0x00007ffdbf040000 - 0x00007ffdbf057000 	C:\Windows\SYSTEM32\dhcpcsvc6.DLL
0x00007ffdbef60000 - 0x00007ffdbef7d000 	C:\Windows\SYSTEM32\dhcpcsvc.DLL
0x00007ffdb5400000 - 0x00007ffdb5417000 	C:\Windows\system32\napinsp.dll
0x00007ffdb5370000 - 0x00007ffdb538b000 	C:\Windows\system32\pnrpnsp.dll
0x00007ffdb4ba0000 - 0x00007ffdb4bb5000 	C:\Windows\system32\wshbth.dll
0x00007ffdc06f0000 - 0x00007ffdc070d000 	C:\Windows\system32\NLAapi.dll
0x00007ffdb4b80000 - 0x00007ffdb4b92000 	C:\Windows\System32\winrnr.dll
0x00007ffdc0890000 - 0x00007ffdc08b5000 	C:\Program Files\Java\jdk-11.0.13\bin\sunec.dll
0x00007ffdc0950000 - 0x00007ffdc095d000 	C:\Program Files\Java\jdk-11.0.13\bin\sunmscapi.dll
0x00007ffdc50f0000 - 0x00007ffdc5246000 	C:\Windows\System32\CRYPT32.dll
0x00007ffdc46d0000 - 0x00007ffdc46f7000 	C:\Windows\SYSTEM32\ncrypt.dll
0x00007ffdc4690000 - 0x00007ffdc46cb000 	C:\Windows\SYSTEM32\NTASN1.dll

dbghelp: loaded successfully - version: 4.0.5 - missing functions: none
symbol engine: initialized successfully - sym options: 0x614 - pdb path: .;C:\Program Files\Java\jdk-11.0.13\bin;C:\Windows\SYSTEM32;C:\Windows\WinSxS\amd64_microsoft.windows.common-controls_6595b64144ccf1df_6.0.19041.1110_none_60b5254171f9507e;C:\Program Files\Java\jdk-11.0.13\bin\server

VM Arguments:
jvm_args: -agentlib:jdwp=transport=dt_socket,address=127.0.0.1:52683,suspend=y,server=n -XX:TieredStopAtLevel=1 -Xverify:none -Dspring.output.ansi.enabled=always -Dcom.sun.management.jmxremote -Dspring.jmx.enabled=true -Dspring.liveBeansView.mbeanDomain -Dspring.application.admin.enabled=true -javaagent:C:\Users\admin\AppData\Local\JetBrains\IntelliJIdea2022.2\captureAgent\debugger-agent.jar -Dfile.encoding=UTF-8 
java_command: com.bitc.springteamproject1209.SpringTeamProject1209Application
java_class_path (initial): C:\java505\intellij\SpringTeamProject-04\build\classes\java\main;C:\java505\intellij\SpringTeamProject-04\build\resources\main;C:\Users\admin\.gradle\caches\modules-2\files-2.1\org.springframework.boot\spring-boot-configuration-processor\2.7.6\ef52bd1c96c4b04f3fe6c72a6108a3bea24f966f\spring-boot-configuration-processor-2.7.6.jar;C:\Users\admin\.gradle\caches\modules-2\files-2.1\org.projectlombok\lombok\1.18.24\13a394eed5c4f9efb2a6d956e2086f1d81e857d9\lombok-1.18.24.jar;C:\Users\admin\.gradle\caches\modules-2\files-2.1\org.springframework.boot\spring-boot-starter-thymeleaf\2.7.6\18056127ee9253fbbb71d80e9dbd10827555ec27\spring-boot-starter-thymeleaf-2.7.6.jar;C:\Users\admin\.gradle\caches\modules-2\files-2.1\org.springframework.boot\spring-boot-starter-web\2.7.6\9d0166a0390df593243bdc798ca7a1db20ddea9c\spring-boot-starter-web-2.7.6.jar;C:\Users\admin\.gradle\caches\modules-2\files-2.1\com.github.pagehelper\pagehelper-spring-boot-starter\1.4.5\b9cf96aeff454115a29fd61163946422e17beff5\pagehelper-spring-boot-starter-1.4.5.jar;C:\Users\admin\.gradle\caches\modules-2\files-2.1\org.mybatis.spring.boot\mybatis-spring-boot-starter\2.3.0\f4d9f73a2fb0adc56664c6febd66f98433fca7f5\mybatis-spring-boot-starter-2.3.0.jar;C:\Users\admin\.gradle\caches\modules-2\files-2.1\org.json\json\20141113\c590c04911645db2f53b9bbefd5c3fcd8ca5581d\json-20141113.jar;C:\Users\admin\.gradle\caches\modules-2\files-2.1\org.apache.tomcat.embed\tomcat-embed-jasper\9.0.69\725ca16025edbeedc1feff170242ab23e5e48feb\tomcat-embed-jasper-9.0.69.jar;C:\Users\admin\.gradle\caches\modules-2\files-2.1\javax.servlet\jstl\1.2\74aca283cd4f4b4f3e425f5820cda58f44409547\jstl-1.2.jar;C:\Users\admin\.gradle\caches\modules-2\files-2.1\com.googlecode.json-simple\json-simple\1.1.1\c9ad4a0850ab676c5c64461a05ca524cdfff59f1\json-simple-1.1.1.jar;C:\Users\admin\.gradle\caches\modules-2\files-2.1\com.fasterxml.jackson.core\jackson-annotations\2.14.1\2a6ad504d591a7903ffdec76b5b7252819a2d162\jackson-anno
Launcher Type: SUN_STANDARD

[Global flags]
     bool BytecodeVerificationLocal                = false                                     {product} {command line}
     bool BytecodeVerificationRemote               = false                                     {product} {command line}
     intx CICompilerCount                          = 3                                         {product} {ergonomic}
     uint ConcGCThreads                            = 1                                         {product} {ergonomic}
     uint G1ConcRefinementThreads                  = 4                                         {product} {ergonomic}
   size_t G1HeapRegionSize                         = 1048576                                   {product} {ergonomic}
    uintx GCDrainStackTargetSize                   = 64                                        {product} {ergonomic}
   size_t InitialHeapSize                          = 266338304                                 {product} {ergonomic}
     bool ManagementServer                         = true                                      {product} {command line}
   size_t MarkStackSize                            = 4194304                                   {product} {ergonomic}
   size_t MaxHeapSize                              = 4261412864                                {product} {ergonomic}
   size_t MaxNewSize                               = 2556428288                                {product} {ergonomic}
   size_t MinHeapDeltaBytes                        = 1048576                                   {product} {ergonomic}
    uintx NonNMethodCodeHeapSize                   = 6973028                                {pd product} {ergonomic}
    uintx NonProfiledCodeHeapSize                  = 244685212                              {pd product} {ergonomic}
    uintx ProfiledCodeHeapSize                     = 0                                      {pd product} {ergonomic}
    uintx ReservedCodeCacheSize                    = 251658240                              {pd product} {ergonomic}
     bool SegmentedCodeCache                       = true                                      {product} {ergonomic}
     intx TieredStopAtLevel                        = 1                                         {product} {command line}
     bool UseCompressedClassPointers               = true                                 {lp64_product} {ergonomic}
     bool UseCompressedOops                        = true                                 {lp64_product} {ergonomic}
     bool UseG1GC                                  = true                                      {product} {ergonomic}
     bool UseLargePagesIndividualAllocation        = false                                  {pd product} {ergonomic}

Logging:
Log output configuration:
 #0: stdout all=warning uptime,level,tags
 #1: stderr all=off uptime,level,tags

Environment Variables:
JAVA_HOME=C:\Program Files\Java\jdk-11.0.13
CLASSPATH=.;C:\network\network\mysql-connector-java-8.0.21.jar;
PATH=C:\Program Files\Common Files\Oracle\Java\javapath;C:\Windows\system32;C:\Windows;C:\Windows\System32\Wbem;C:\Windows\System32\WindowsPowerShell\v1.0\;C:\Windows\System32\OpenSSH\;C:\Program Files\Bandizip\;C:\Program Files\Git\cmd;.;C:\network\network\mysql-connector-java-8.0.21.jar;.;C:\network\network\mysql-connector-java-8.0.21.jar;%JAVA_HOME%\lib;\lib;\bin;C:\Users\admin\AppData\Roaming\nvm;C:\Program Files\nodejs;C:\Users\admin\AppData\Local\Programs\Python\Python311\Scripts\;C:\Users\admin\AppData\Local\Programs\Python\Python311\;C:\Program Files\MySQL\MySQL Shell 8.0\bin\;C:\Users\admin\AppData\Local\Microsoft\WindowsApps;C:\Users\admin\AppData\Local\Programs\Microsoft VS Code\bin;C:\Users\admin\AppData\Local\GitHubDesktop\bin;C:\Program Files\Java\jdk-11.0.13\bin;C:\Users\admin\AppData\Roaming\nvm;C:\Program Files\nodejs;C:\Program Files\JetBrains\PyCharm Community Edition 2022.2.4\bin;
USERNAME=admin
OS=Windows_NT
PROCESSOR_IDENTIFIER=Intel64 Family 6 Model 60 Stepping 3, GenuineIntel



---------------  S Y S T E M  ---------------

OS: Windows 10 , 64 bit Build 19041 (10.0.19041.2364)

CPU:total 4 (initial active 4) (4 cores per cpu, 1 threads per core) family 6 model 60 stepping 3 microcode 0x27, cmov, cx8, fxsr, mmx, sse, sse2, sse3, ssse3, sse4.1, sse4.2, popcnt, avx, avx2, aes, clmul, erms, lzcnt, tsc, tscinvbit, bmi1, bmi2, fma

Memory: 4k page, system-wide physical 16255M (7271M free)
TotalPageFile size 18687M (AvailPageFile size 9016M)
current process WorkingSet (physical memory assigned to process): 188M, peak: 299M
current process commit charge ("private bytes"): 222M, peak: 471M

vm_info: Java HotSpot(TM) 64-Bit Server VM (11.0.13+10-LTS-370) for windows-amd64 JRE (11.0.13+10-LTS-370), built on Sep 15 2021 22:10:36 by "mach5one" with MS VC++ 15.9 (VS2017)

END.
